[2026-06-20T00:57:14.582Z] GET https://pubmed.ncbi.nlm.nih.gov/42319824/ → pending (?ms, ?B)
[2026-06-20T00:57:20.676Z] GET https://www.cell.com/cell-reports/fulltext/S2211-1247(26)00647-5 → 307 (514ms, ?B)
[2026-06-20T00:57:21.191Z] GET https://www.cell.com/cell-reports/fulltext/S2211-1247(26)00647-5 → pending (?ms, ?B)
[2026-06-20T00:57:21.444Z] GET https://www.cell.com/cdn-cgi/challenge-platform/h/g/orchestrate/chl_page/v1?ray=a0e6d1a4ed8833dc → 200 (538ms, 215300B)
[2026-06-20T00:57:21.993Z] GET blob:https://www.cell.com/8a9a9981-69f5-4ed8-88f1-01d1f15c16ce → pending (?ms, ?B)
[2026-06-20T00:57:22.015Z] GET https://challenges.cloudflare.com/turnstile/v0/g/f95a7f38c08f/api.js?onload=NsqWi3&render=explicit → pending (?ms, ?B)
[2026-06-20T00:57:22.147Z] POST https://www.cell.com/cdn-cgi/challenge-platform/h/g/flow/ov1/1337224512:1781913625:aQJvSHq1SpaajYQInfjPgJ1D8L_Uiz8qb4eslFF9Y0M/a0e6d1a4ed8833dc/pJ_U00SuJSpp9isM4BgZ2ei2RiP0G0L7tLllo5yfYjs-1781917041-1.2.1.1-NxUPcw7nmtp4joIUpMTGWUWtc81yF4pAFWbsIX0otGq_0VeU7bM2KcwpHp5KCfOb → pending (?ms, ?B)
[2026-06-20T00:57:22.342Z] GET blob:https://www.cell.com/018c1556-c7a8-480d-be53-cf4481309f39 → 200 (5ms, 291B)
[2026-06-20T00:57:22.569Z] GET https://challenges.cloudflare.com/cdn-cgi/challenge-platform/h/g/turnstile/f/ov2/av0/rch/b1enu/0x4AAAAAAADnPIDROrmt1Wwj/light/fbE/new/normal?lang=auto → 200 (365ms, ?B)
[2026-06-20T00:57:23.004Z] GET https://challenges.cloudflare.com/cdn-cgi/challenge-platform/h/g/cmg/1 → pending (?ms, ?B)
[2026-06-20T00:57:23.878Z] GET blob:https://challenges.cloudflare.com/8f3d0a09-5796-476c-8534-e486af5af5ed → pending (?ms, ?B)
[2026-06-20T00:57:24.046Z] POST https://challenges.cloudflare.com/cdn-cgi/challenge-platform/h/g/flow/ov1/3098906513:1781913627:twcvJxGEQHKrT64c27Ksm1IrYyVLoBwx2zfTyuxUXrI/a0e6d1aebe28df0a/tay_T6BytGmVxLwkcF5M1TOTQxkHn7fqM30Fdkbt9Is-1781917042-1.2.1.1-92SYIRLOE24hawW1Qh3bUv3e_QWaBqxoJ3W_Yvj2mloFdu_7wCVSLh8qKv8aSsqk → pending (?ms, ?B)
[2026-06-20T00:57:24.982Z] GET https://pmc.ncbi.nlm.nih.gov/articles/PMC42319824/ → pending (?ms, ?B)
[2026-06-20T00:57:25.082Z] GET blob:https://challenges.cloudflare.com/2246f217-7502-4657-8f26-8b0576388511 → 200 (7ms, 291B)
[2026-06-20T00:57:25.639Z] GET https://challenges.cloudflare.com/cdn-cgi/challenge-platform/h/g/pat/a0e6d1aebe28df0a/1781917044299/e4dadfeafd543367aec7b04d83264097c977c863d596e2c28e4e82f37332b8fd/D1weq5yjPaspe6V → pending (?ms, ?B)
[2026-06-20T00:57:25.828Z] GET https://cdn.ncbi.nlm.nih.gov/pmc/pd-medc-pmc-cloudpmc-viewer/production/674d4f95/var/data/static/assets/base_style-BxRs1iOp.css → pending (?ms, ?B)
[2026-06-20T00:57:25.828Z] GET https://cdn.ncbi.nlm.nih.gov/pmc/pd-medc-pmc-cloudpmc-viewer/production/674d4f95/var/data/static/assets/base_style-D-jH62-1.js → pending (?ms, ?B)
[2026-06-20T00:57:25.828Z] GET https://cdn.ncbi.nlm.nih.gov/pmc/pd-medc-pmc-cloudpmc-viewer/production/674d4f95/var/data/static/assets/exception_style-DfB_Czfm.css → pending (?ms, ?B)
[2026-06-20T00:57:25.828Z] GET https://cdn.ncbi.nlm.nih.gov/pmc/pd-medc-pmc-cloudpmc-viewer/production/674d4f95/var/data/static/assets/exception_style-BwXPOLgr.js → pending (?ms, ?B)
[2026-06-20T00:57:25.828Z] GET https://cdn.ncbi.nlm.nih.gov/pmc/pd-medc-pmc-cloudpmc-viewer/production/674d4f95/var/data/static/assets/uswds-init.js → pending (?ms, ?B)
[2026-06-20T00:57:25.828Z] GET https://cdn.ncbi.nlm.nih.gov/pmc/pd-medc-pmc-cloudpmc-viewer/production/674d4f95/var/data/static/img/us_flag.svg → pending (?ms, ?B)
[2026-06-20T00:57:25.833Z] GET https://cdn.ncbi.nlm.nih.gov/pmc/pd-medc-pmc-cloudpmc-viewer/production/674d4f95/var/data/static/img/icon-dot-gov.svg → pending (?ms, ?B)
[2026-06-20T00:57:25.833Z] GET https://cdn.ncbi.nlm.nih.gov/pmc/pd-medc-pmc-cloudpmc-viewer/production/674d4f95/var/data/static/img/icon-https.svg → pending (?ms, ?B)
[2026-06-20T00:57:25.833Z] GET https://cdn.ncbi.nlm.nih.gov/pmc/pd-medc-pmc-cloudpmc-viewer/production/674d4f95/var/data/static/img/ncbi-logos/nih-nlm-ncbi--white.svg → pending (?ms, ?B)
[2026-06-20T00:57:25.833Z] GET https://cdn.ncbi.nlm.nih.gov/pmc/pd-medc-pmc-cloudpmc-viewer/production/674d4f95/var/data/static/img/search.svg → pending (?ms, ?B)
[2026-06-20T00:57:25.833Z] GET https://cdn.ncbi.nlm.nih.gov/pmc/pd-medc-pmc-cloudpmc-viewer/production/674d4f95/var/data/static/img/person.svg → pending (?ms, ?B)
[2026-06-20T00:57:25.834Z] GET https://cdn.ncbi.nlm.nih.gov/pmc/pd-medc-pmc-cloudpmc-viewer/production/674d4f95/var/data/static/img/expand_less.svg → pending (?ms, ?B)
[2026-06-20T00:57:25.834Z] GET https://cdn.ncbi.nlm.nih.gov/pmc/pd-medc-pmc-cloudpmc-viewer/production/674d4f95/var/data/static/img/expand_more.svg → pending (?ms, ?B)
[2026-06-20T00:57:25.835Z] GET https://cdn.ncbi.nlm.nih.gov/pmc/pd-medc-pmc-cloudpmc-viewer/production/674d4f95/var/data/static/img/usa-icons/close.svg → pending (?ms, ?B)
[2026-06-20T00:57:25.835Z] GET https://cdn.ncbi.nlm.nih.gov/pmc/pd-medc-pmc-cloudpmc-viewer/production/674d4f95/var/data/static/img/usa-icons-bg/search--white.svg → pending (?ms, ?B)
[2026-06-20T00:57:25.840Z] GET https://cdn.ncbi.nlm.nih.gov/core/pinger/pinger.js → pending (?ms, ?B)
[2026-06-20T00:57:25.840Z] GET https://cdn.ncbi.nlm.nih.gov/pmc/pd-medc-pmc-cloudpmc-viewer/production/674d4f95/var/data/static/assets/base-Cp_Il6gk.js → pending (?ms, ?B)
[2026-06-20T00:57:25.840Z] GET https://cdn.ncbi.nlm.nih.gov/pmc/pd-medc-pmc-cloudpmc-viewer/production/674d4f95/var/data/static/assets/vendor-Co8Vdmw2.js → pending (?ms, ?B)
[2026-06-20T00:57:25.840Z] GET https://cdn.ncbi.nlm.nih.gov/core/jquery/jquery-3.6.0.min.js → pending (?ms, ?B)
[2026-06-20T00:57:27.032Z] GET https://cdn.ncbi.nlm.nih.gov/pmc/pd-medc-pmc-cloudpmc-viewer/production/674d4f95/var/data/static/img/usa-icons/expand_more.svg → 200 (199ms, 145B)
[2026-06-20T00:57:27.032Z] GET https://cdn.ncbi.nlm.nih.gov/pmc/pd-medc-pmc-cloudpmc-viewer/production/674d4f95/var/data/static/fonts/source-sans-pro/sourcesanspro-regular-webfont.woff2 → pending (?ms, ?B)
[2026-06-20T00:57:27.032Z] GET https://cdn.ncbi.nlm.nih.gov/pmc/pd-medc-pmc-cloudpmc-viewer/production/674d4f95/var/data/static/fonts/source-sans-pro/sourcesanspro-bold-webfont.woff2 → pending (?ms, ?B)
[2026-06-20T00:57:27.032Z] GET https://cdn.ncbi.nlm.nih.gov/pmc/pd-medc-pmc-cloudpmc-viewer/production/674d4f95/var/data/static/img/usa-icons/launch.svg → pending (?ms, ?B)
[2026-06-20T00:57:27.425Z] GET https://www.googletagmanager.com/gtm.js?id=GTM-PC9B6M3&l=pingerDataLayer → 200 (353ms, 398193B)
[2026-06-20T00:57:27.425Z] GET https://pmc.ncbi.nlm.nih.gov/stat?HTTP_REFERER=&SELF_URL=https%3A%2F%2Fpmc.ncbi.nlm.nih.gov%2Farticles%2FPMC42319824%2F&browserheight=720&browserwidth=1280&colorDepth=24&connection_effectivetype=4g&connection_type=&cookieSize=33&cookieenabled=true&is_browser_supported=true&jsevent=render&jsloadtime=&jsperf_basePage=31&jsperf_connect=469&jsperf_dns=9&jsperf_navTimingNetworkMS=856&jsperf_navTimingRedirectCount=0&jsperf_navTimingType=navigate&jsperf_navType=0&jsperf_redirectCount=0&jsperf_ttfb=347&jsrendertime=&language_code=en-US&myncbi_signed_in=false&ncbi_algorithm=&ncbi_app=cloudpmc-viewer&ncbi_db=pmc&ncbi_featured_srcdb=&ncbi_nwds=&ncbi_pcid=&ncbi_pdid=exception&ncbi_phid=5521D2D3A35E411304D2D3001554B901.m_1&ncbi_program=&ncbi_timesinceload=4&ncbi_timesincenavstart=2437&pagename=cloudpmc-viewer%3Apmc%3Aexception%3ANONE&pinger_in_iframe=false&screenavailheight=720&screenavailwidth=1280&screenheight=720&screenwidth=1280&server=pmc.ncbi.nlm.nih.gov&sgSource=native&sgversion=0.42.0&sgversion_hotfix=0&sgversion_major=0&sgversion_minor=42&spa_index=0 → 200 (352ms, 43B)
[2026-06-20T00:57:27.760Z] GET https://cdn.ncbi.nlm.nih.gov/core/alerts/alerts.js?_=1781917047741 → 200 (228ms, 19702B)
[2026-06-20T00:57:27.770Z] GET https://pmc.ncbi.nlm.nih.gov/stat?browserheight=720&browserwidth=1280&colorDepth=24&connection_effectivetype=4g&connection_type=&cookieSize=127&cookieenabled=true&is_browser_supported=true&jsevent=domready&language_code=en-US&myncbi_signed_in=false&ncbi_algorithm=&ncbi_app=cloudpmc-viewer&ncbi_db=pmc&ncbi_featured_srcdb=&ncbi_nwds=&ncbi_pcid=&ncbi_pdid=exception&ncbi_phid=5521D2D3A35E411304D2D3001554B901.m_1&ncbi_program=&ncbi_timesinceload=352&ncbi_timesincenavstart=2784&pagename=cloudpmc-viewer%3Apmc%3Aexception%3ANONE&pinger_in_iframe=false&screenavailheight=720&screenavailwidth=1280&screenheight=720&screenwidth=1280&server=pmc.ncbi.nlm.nih.gov&sgSource=native&sgversion=0.42.0&sgversion_hotfix=0&sgversion_major=0&sgversion_minor=42&spa_index=0 → 200 (350ms, 43B)
[2026-06-20T00:57:27.818Z] GET https://www.googletagmanager.com/gtag/js?id=G-DP2X732JSX&l=pingerDataLayer&cx=c&gtm=4e66h0 → 200 (187ms, 440597B)
[2026-06-20T00:57:27.819Z] GET https://dap.digitalgov.gov/Universal-Federated-Analytics-Min.js?agency=HHS&subagency=NCBI%20-%20ncbi.nlm.nih.gov&sitetopic=NCBI%20Pinger%200.39.3&siteplatform=NCBI%20Pinger%200.39.3 → 200 (417ms, 29714B)
[2026-06-20T00:57:27.989Z] GET https://cdn.ncbi.nlm.nih.gov/ncbi-media/alerts/alerts.json → pending (?ms, ?B)
[2026-06-20T00:57:28.070Z] POST https://www.google-analytics.com/g/collect?v=2&tid=G-DP2X732JSX&gtm=45je66h0v884263385z8847342615za20gzb847342615zd847342615&_p=1781917047415&gcd=13l3l3l3l1l1&npa=0&dma=0&are=1&cid=1830711058.1781917048&frm=0&pscdl=noapi&rcb=16&sr=1280x720&uaa=x86&uab=64&uafvl=Not%253AA-Brand%3B99.0.0.0%7CHeadlessChrome%3B145.0.7632.6%7CChromium%3B145.0.7632.6&uam=&uamb=0&uap=macOS&uapv=15.7.4&uaw=0&ul=en-us&_s=1&tag_exp=115938465~115938468~118395335~119027224~119392696~119392704~119456239~119456247~119534187&dl=https%3A%2F%2Fpmc.ncbi.nlm.nih.gov%2Farticles%2FPMC42319824%2F&sid=1781917048&sct=1&seg=0&dt=HTTP%20404%20%5BNot%20Found%5D&en=page_view&_fv=1&_nsi=1&_ss=1&ep.ncbi_app=cloudpmc-viewer&ep.ncbi_db=pmc&ep.ncbi_pdid=exception&ep.ncbi_signed_in=NO&ep.ncbi_app_db_pdid=cloudpmc-viewer%3Apmc%3Aexception&ep.debug_event=&ep.content_group=cloudpmc-viewer%3Apmc%3Aexception&ep.content_group2=cloudpmc-viewer&ep.content_group3=pmc&ep.content_group4=exception&ep.ncbi_pcid=(not%20set)&tfd=3058 → pending (?ms, ?B)
[2026-06-20T00:57:28.241Z] GET https://www.googletagmanager.com/gtag/js?id=G-CSLL4ZEK4L → pending (?ms, ?B)
[2026-06-20T00:57:28.633Z] POST https://www.google-analytics.com/g/collect?v=2&tid=G-CSLL4ZEK4L&gtm=45je66h0v9131934939za200zd9131934939&_p=1781917048237&gcd=13l3l3l3l1l1&npa=0&dma=0&are=1&cid=1830711058.1781917048&frm=0&pscdl=noapi&rcb=5&sr=1280x720&uaa=x86&uab=64&uafvl=Not%253AA-Brand%3B99.0.0.0%7CHeadlessChrome%3B145.0.7632.6%7CChromium%3B145.0.7632.6&uam=&uamb=0&uap=macOS&uapv=15.7.4&uaw=0&ul=en-us&_s=1&tag_exp=115938465~115938468~119027224~119392696~119392704~119456239~119456247&dl=https%3A%2F%2Fpmc.ncbi.nlm.nih.gov%2Fvpv404%2Farticles%2Fpmc42319824%2F&dt=HTTP%20404%20%5BNot%20Found%5D&dr=&sid=1781917048&sct=1&seg=0&_tu=wA&en=page_view&_fv=1&_ss=1&_ee=1&ep.agency=HHS&ep.subagency=NCBI%20-%20NCBI.NLM.NIH.GOV&ep.site_topic=ncbi%20pinger%200.39.3&ep.site_platform=ncbi%20pinger%200.39.3&ep.script_source=https%3A%2F%2Fdap.digitalgov.gov%2Funiversal-federated-analytics-min.js&ep.version=20250702%20v8.7%20-%20ga4&ep.protocol=https%3A&ep.using_parallel_tracker=no&ep.hostname_dimension=pmc.ncbi.nlm.nih.gov&tfd=3647 → 204 (115ms, ?B)
[2026-06-20T00:57:28.634Z] GET https://zndikywqsjiuwn0q5-nlmenterprise.siteintercept.qualtrics.com/SIE/?Q_ZID=ZN_dikYWqsjiUWN0Q5 → 200 (494ms, 10998B)
[2026-06-20T00:57:29.130Z] GET https://siteintercept.qualtrics.com/dxjsmodule/881.d239a4f9da069111bd06.chunk.js?Q_CLIENTVERSION=2.51.0&Q_CLIENTTYPE=web&Q_BRANDID=pmc.ncbi.nlm.nih.gov → pending (?ms, ?B)
[2026-06-20T00:57:29.130Z] GET https://siteintercept.qualtrics.com/dxjsmodule/941.a09c5b36bb369f224ce3.chunk.js?Q_CLIENTVERSION=2.51.0&Q_CLIENTTYPE=web&Q_BRANDID=pmc.ncbi.nlm.nih.gov → pending (?ms, ?B)
[2026-06-20T00:57:29.605Z] POST https://siteintercept.qualtrics.com/WRSiteInterceptEngine/Targeting.php?Q_ZoneID=ZN_dikYWqsjiUWN0Q5&Q_CLIENTVERSION=2.51.0&Q_CLIENTTYPE=web → 200 (300ms, 85584B)
[2026-06-20T00:57:29.916Z] GET https://siteintercept.qualtrics.com/dxjsmodule/CoreModule.js?Q_CLIENTVERSION=2.51.0&Q_CLIENTTYPE=web&Q_BRANDID=nlmenterprise → 200 (268ms, 111678B)
[2026-06-20T00:57:30.212Z] GET https://siteintercept.qualtrics.com/dxjsmodule/147.1bd41725cb680c56bdbc.chunk.js?Q_CLIENTVERSION=2.51.0&Q_CLIENTTYPE=web&Q_BRANDID=nlmenterprise → pending (?ms, ?B)
[2026-06-20T00:57:30.212Z] GET https://siteintercept.qualtrics.com/dxjsmodule/308.5b6f220b63d2a0e69fe1.chunk.js?Q_CLIENTVERSION=2.51.0&Q_CLIENTTYPE=web&Q_BRANDID=nlmenterprise → pending (?ms, ?B)
[2026-06-20T00:57:30.212Z] GET https://siteintercept.qualtrics.com/dxjsmodule/FeedbackButtonModule.js?Q_CLIENTVERSION=2.51.0&Q_CLIENTTYPE=web&Q_BRANDID=nlmenterprise → pending (?ms, ?B)
[2026-06-20T00:57:30.212Z] GET https://siteintercept.qualtrics.com/WRSiteInterceptEngine/Asset.php?Module=SI_0Spg2GvEznjmU3I&Version=71&Q_ORIGIN=https://pmc.ncbi.nlm.nih.gov&Q_CLIENTVERSION=2.51.0&Q_CLIENTTYPE=web&Q_BrandTier=RQqcwhV2J1&Q_ARCACHEVERSION=21&Q_BRANDDC=iad1 → pending (?ms, ?B)
[2026-06-20T00:57:30.212Z] GET https://siteintercept.qualtrics.com/WRSiteInterceptEngine/Asset.php?Module=CR_6FkfFWhx9tY1NeC&Version=9&Q_InterceptID=SI_0Spg2GvEznjmU3I&Q_ORIGIN=https://pmc.ncbi.nlm.nih.gov&Q_CLIENTVERSION=2.51.0&Q_CLIENTTYPE=web&Q_BrandTier=RQqcwhV2J1&Q_ARCACHEVERSION=21&Q_BRANDDC=iad1 → pending (?ms, ?B)
[2026-06-20T00:57:30.691Z] GET https://iad1.qualtrics.com/WRQualtricsSiteIntercept/Graphic.php?IM=IM_3xWqwNkIHc7cA0S → pending (?ms, ?B)
[2026-06-20T00:57:31.655Z] GET https://doi.org/10.1016/j.celrep.2026.06.047 → pending (?ms, ?B)
[2026-06-20T00:57:31.656Z] GET https://pmc.ncbi.nlm.nih.gov/stat?browserheight=720&browserwidth=1280&canscroll_x=false&canscroll_y=true&colorDepth=24&connection_effectivetype=4g&connection_type=&cookieSize=284&cookieenabled=true&eventid=0&is_browser_supported=true&jsevent=unload&jsloadtime=&jsperf_basePage=31&jsperf_connect=469&jsperf_dns=9&jsperf_navTimingNetworkMS=856&jsperf_navTimingPageMS=2794&jsperf_navTimingRedirectCount=0&jsperf_navTimingType=navigate&jsperf_navType=0&jsperf_redirectCount=0&jsperf_ttfb=347&language_code=en-US&myncbi_signed_in=false&ncbi_algorithm=&ncbi_app=cloudpmc-viewer&ncbi_db=pmc&ncbi_featured_srcdb=&ncbi_nwds=&ncbi_pcid=&ncbi_pdid=exception&ncbi_phid=5521D2D3A35E411304D2D3001554B901.m_1&ncbi_program=&ncbi_timeonpage=&ncbi_timesinceload=4239&ncbi_timesincenavstart=6671&pagename=cloudpmc-viewer%3Apmc%3Aexception%3ANONE&pinger_in_iframe=false&raw_ga=false&screenavailheight=720&screenavailwidth=1280&screenheight=720&screenwidth=1280&server=pmc.ncbi.nlm.nih.gov&sgSource=native&sgversion=0.42.0&sgversion_hotfix=0&sgversion_major=0&sgversion_minor=42&spa_index=0&unload.mutator_count=1&x.maxscroll=0&x.pagesize=10&y.maxscroll=0&y.pagesize=16 → 200 (349ms, ?B)
[2026-06-20T00:57:32.469Z] GET https://cdn.jsdelivr.net/npm/bootstrap@5.0.2/dist/css/bootstrap.min.css → 200 (700ms, 155845B)
[2026-06-20T00:57:32.470Z] GET https://cdn.jsdelivr.net/npm/bootstrap@5.0.2/dist/js/bootstrap.bundle.min.js → pending (?ms, ?B)
[2026-06-20T00:57:32.470Z] GET https://kit.fontawesome.com/731b8140c4.js → 403 (538ms, ?B)
[2026-06-20T00:57:32.470Z] GET https://doi.org/static/css/style.css → 200 (170ms, 42098B)
[2026-06-20T00:57:32.470Z] GET https://fonts.googleapis.com/css2?family=Roboto+Mono&family=Roboto:wght@100&display=swap → 200 (221ms, 8189B)
[2026-06-20T00:57:32.470Z] GET https://doi.org/static/images/logos/header_logo_cropped.svg → 200 (177ms, 8182B)
[2026-06-20T00:57:32.470Z] GET https://doi.org/static/images/exclamation.svg → 200 (202ms, 1661B)
[2026-06-20T00:57:32.472Z] GET https://doi.org/static/images/logos/footer_logo_cropped.svg → 200 (392ms, 8158B)
[2026-06-20T00:57:32.472Z] GET https://challenges.cloudflare.com/turnstile/v0/api.js → pending (?ms, ?B)
[2026-06-20T00:57:33.260Z] GET https://use.typekit.net/gcr6xms.css → 200 (531ms, 2014B)
[2026-06-20T00:57:33.369Z] GET https://challenges.cloudflare.com/turnstile/v0/g/f95a7f38c08f/api.js → 200 (245ms, 67081B)
[2026-06-20T00:57:33.792Z] GET https://p.typekit.net/p.css?s=1&k=gcr6xms&ht=tk&f=10884.32874&a=12362348&app=typekit&e=css → 200 (200ms, 5B)
[2026-06-20T00:57:34.021Z] GET https://use.typekit.net/af/053fc9/00000000000000003b9af1e4/27/l?primer=7cdcb44be4a7db8877ffa5c0007b8dd865b3bbc383831fe2ea177f62257a9191&fvd=n7&v=3 → pending (?ms, ?B)
[2026-06-20T00:57:34.021Z] GET https://use.typekit.net/af/9b05f3/000000000000000000013365/27/l?primer=7cdcb44be4a7db8877ffa5c0007b8dd865b3bbc383831fe2ea177f62257a9191&fvd=n4&v=3 → pending (?ms, ?B)
[2026-06-20T00:57:34.024Z] GET https://challenges.cloudflare.com/cdn-cgi/challenge-platform/h/g/turnstile/f/ov2/av0/rch/9p38i/0x4AAAAAACiF3eA8err_tBga/light/fbE/new/normal?lang=auto → 200 (184ms, ?B)
[2026-06-20T00:57:34.278Z] GET https://challenges.cloudflare.com/cdn-cgi/challenge-platform/h/g/cmg/1 → 200 (181ms, 86B)
[2026-06-20T00:57:34.420Z] GET blob:https://challenges.cloudflare.com/c98c385c-14c1-475c-a075-435c4155182c → pending (?ms, ?B)
[2026-06-20T00:57:34.579Z] POST https://challenges.cloudflare.com/cdn-cgi/challenge-platform/h/g/flow/ov1/3098906513:1781913627:twcvJxGEQHKrT64c27Ksm1IrYyVLoBwx2zfTyuxUXrI/a0e6d1f53bd7df0a/MsPSEI40XaCElq3RxtaAwD6eBllK58tud9brixZTFEQ-1781917054-1.2.1.1-x1ZG7Ry8uJYrK0q7RraYIVSHjnx1sb652eTJwj381M4qjp3SleTLpeDQ3lcmL1fS → 200 (383ms, ?B)
[2026-06-20T00:57:36.077Z] GET blob:https://challenges.cloudflare.com/c9748b0d-f814-4b5f-b11f-f710c2904d2a → 200 (63ms, 291B)
[2026-06-20T00:57:36.295Z] GET https://challenges.cloudflare.com/cdn-cgi/challenge-platform/h/g/d/a0e6d1f53bd7df0a/1781917054913/qsMsgBq3CNBFncj → 200 (177ms, 3207B)
[2026-06-20T00:57:36.475Z] GET https://challenges.cloudflare.com/cdn-cgi/challenge-platform/h/g/pat/a0e6d1f53bd7df0a/1781917054913/80bd462485b9f81c500641214d26a815de6eba4a468133d00517f3a421521eae/4HDuB7YIwiH7DiC → 401 (182ms, 1B)
[2026-06-20T00:57:37.201Z] GET blob:https://challenges.cloudflare.com/c9748b0d-f814-4b5f-b11f-f710c2904d2a → 200 (7ms, 291B)
[2026-06-20T00:57:37.318Z] POST https://challenges.cloudflare.com/cdn-cgi/challenge-platform/h/g/flow/ov1/3098906513:1781913627:twcvJxGEQHKrT64c27Ksm1IrYyVLoBwx2zfTyuxUXrI/a0e6d1f53bd7df0a/MsPSEI40XaCElq3RxtaAwD6eBllK58tud9brixZTFEQ-1781917054-1.2.1.1-x1ZG7Ry8uJYrK0q7RraYIVSHjnx1sb652eTJwj381M4qjp3SleTLpeDQ3lcmL1fS → 200 (499ms, 33672B)
[2026-06-20T00:57:37.812Z] GET blob:https://challenges.cloudflare.com/663ee803-1961-4438-9ad7-5ddb8f824cb7 → 200 (8ms, 291B)
[2026-06-20T00:57:39.031Z] GET https://www.sciencedirect.com/science/article/pii/S2211124726306475 → pending (?ms, ?B)
[2026-06-20T00:57:39.932Z] GET https://sdfestaticassets-us-east-1.sciencedirectassets.com/shared-assets/24/images/elsevier-non-solus-new-grey.svg → pending (?ms, ?B)
[2026-06-20T00:57:39.933Z] POST https://www.sciencedirect.com/craft/hosnb?tsoh=d3d3LnNjaWVuY2VkaXJlY3QuY29t&rh=d3d3LnNjaWVuY2VkaXJlY3QuY29t → 404 (153ms, 9B)
[2026-06-20T00:57:39.962Z] GET https://www.sciencedirect.com/cdn-cgi/challenge-platform/scripts/jsd/main.js → 302 (154ms, ?B)
[2026-06-20T00:57:40.116Z] GET https://www.sciencedirect.com/cdn-cgi/challenge-platform/h/g/scripts/jsd/f95a7f38c08f/main.js? → pending (?ms, ?B)
[2026-06-20T00:57:40.338Z] POST https://www.sciencedirect.com/cdn-cgi/challenge-platform/h/g/jsd/oneshot/f95a7f38c08f/0.5008627281012218:1781913631:MH8DEvcJ6LHgMJ0RULkAG5k28ZN5oPxm9lo8cn7mNK8/a0e6d2166b572314 → 200 (307ms, ?B)
[2026-06-20T00:57:54.716Z] GET https://doi.org/10.1016/j.celrep.2026.117561 → 302 (333ms, ?B)
[2026-06-20T00:57:55.049Z] GET https://linkinghub.elsevier.com/retrieve/pii/S221112472600639X → pending (?ms, ?B)
[2026-06-20T00:57:55.819Z] GET https://linkinghub.elsevier.com/retrieve/static/script/siteCatalystHelper.js → 200 (209ms, 2027B)
[2026-06-20T00:57:55.819Z] GET https://assets.adobedtm.com/4a848ae9611a/519188bfaff2/launch-d9c9ae460653.min.js → pending (?ms, ?B)
[2026-06-20T00:57:56.703Z] GET https://dpm.demdex.net/id?d_visid_ver=4.4.1&d_fieldgroup=MC&d_rtbd=json&d_ver=2&d_verify=1&d_orgid=4D6368F454EC41940A4C98A6%40AdobeOrg&d_nsid=0&ts=1781917076698 → 302 (181ms, ?B)
[2026-06-20T00:57:56.704Z] GET https://assets.adobedtm.com/extensions/EP6580734006504e9facd682c439318b88/AppMeasurement.min.js → 200 (159ms, 36394B)
[2026-06-20T00:57:56.709Z] GET https://assets.adobedtm.com/4a848ae9611a/519188bfaff2/2242a88a6dd9/RC65bfd873bdc04f76bfafb0ac2aa3dba4-source.min.js → 200 (157ms, 840B)
[2026-06-20T00:57:56.871Z] GET https://linkinghub.elsevier.com/retrieve/articleSelectPrefsTemp?Redirect=https%3A%2F%2Fcell.com%2Fcell-reports%2Fretrieve%2Fpii%2FS221112472600639X%3F_returnURL%3Dhttps%253A%252F%252Flinkinghub.elsevier.com%252Fretrieve%252Fpii%252FS221112472600639X%253Fshowall%253Dtrue&key=9a70d546f07c89f70a21b0d29ad2dc5c17c4ebcf → 302 (213ms, ?B)
[2026-06-20T00:57:56.884Z] GET https://dpm.demdex.net/id/rd?d_visid_ver=4.4.1&d_fieldgroup=MC&d_rtbd=json&d_ver=2&d_verify=1&d_orgid=4D6368F454EC41940A4C98A6%40AdobeOrg&d_nsid=0&ts=1781917076698 → 200 (75ms, ?B)
[2026-06-20T00:57:56.959Z] GET https://smetrics.elsevier.com/id?d_visid_ver=4.4.1&d_fieldgroup=A&mcorgid=4D6368F454EC41940A4C98A6%40AdobeOrg&mid=25433587864339057864356198545075339495&ts=1781917076957 → 200 (240ms, ?B)
[2026-06-20T00:57:57.085Z] GET https://cell.com/cell-reports/retrieve/pii/S221112472600639X?_returnURL=https%3A%2F%2Flinkinghub.elsevier.com%2Fretrieve%2Fpii%2FS221112472600639X%3Fshowall%3Dtrue → pending (?ms, ?B)
[2026-06-20T00:57:57.199Z] GET https://smetrics.elsevier.com/b/ss/elsevier-global-prod/1/JS-2.17.0-LDQM/s26193468843764?AQB=1&ndh=1&pf=1&t=20%2F5%2F2026%208%3A57%3A57%206%20-480&mid=25433587864339057864356198545075339495&aamlh=11&ce=UTF-8&cdp=2&pageName=ih%3Aauto%20article%20locator&g=https%3A%2F%2Flinkinghub.elsevier.com%2Fretrieve%2Fpii%2FS221112472600639X&cc=USD&ch=ih%3Aauto%20article%20locator&server=linkinghub.elsevier.com&events=event27%2Cevent41%2Cevent229%3D0%2Cevent230&products=%3Bih%3Aarticle%3APII%3AS221112472600639X%3B%3B%3B%3Bevar17%3Dmime-xhtml%7Cevar20%3Dih%3Aarticle%7Cevar75%3Dmicroglial%20clonal%20dynamics%20and%20the%20impact%20of%20clonal%20hematopoiesis%20in%20autologously%20transplanted%20rhesus%20macaques%7Cevar104%3Dih%3Aundefined_to_com%252fcell-reports%252fretrieve%252fpii%252fs221112472600639x%253f_returnurl%253dhttps%25253a%25252f%25252flinkinghubelsevier&aamb=RKhpRz8krg2tLO6pguXWp5olkAcUniQYPHaMWWgdJ3xzPWQmdj0y&h1=D%3DpageName&c2=ih&v4=D%3Dc2&c5=8%3A30%20PM%20Friday&v5=D%3Dc5&v8=First%20Visit&c9=2.17.0&v9=D%3Dc16&v10=D%3Dc18&v11=D%3DpageName&c14=0&c16=els%3Arp%3Ast&c18=linkinghub.elsevier.com%2Fretrieve%2Fpii%2FS221112472600639X&c24=en&c30=114.84.78.193&c32=https&v33=ih%3Aanon_guest&c35=https%3A%2F%2Flinkinghub.elsevier.com%2Fretrieve%2Fpii%2FS221112472600639X&c37=D%3Dv33&c38=2&c39=ihub&v50=25433587864339057864356198545075339495&c66=v1%7Cdtm4%7Cdv10&v66=%2B1&v67=%2B1&c69=e27%2Ce41%2Ce229%2Ce230&v101=D%3Dg&v113=75477&v126=prod&v186=Mozilla%2F5.0%20%28Macintosh%3B%20Intel%20Mac%20OS%20X%2010_15_7%29%20AppleWebKit%2F537.36%20%28KHTML%2C%20like%20Gecko%29%20HeadlessChrome%2F145.0.7632.6%20Safari%2F537.36&s=1280x720&c=24&j=1.6&v=N&k=Y&bw=1280&bh=720&mcorgid=4D6368F454EC41940A4C98A6%40AdobeOrg&AQE=1 → pending (?ms, ?B)
[2026-06-20T00:57:57.634Z] GET https://linkinghub.elsevier.com/retrieve/articleSelectPrefsTemp?Redirect=https%3A%2F%2Fcell.com%2Fcell-reports%2Fretrieve%2Fpii%2FS221112472600639X%3F_returnURL%3Dhttps%253A%252F%252Flinkinghub.elsevier.com%252Fretrieve%252Fpii%252FS221112472600639X%253Fshowall%253Dtrue&key=9a70d546f07c89f70a21b0d29ad2dc5c17c4ebcf → 302 (212ms, ?B)
[2026-06-20T00:57:57.846Z] GET https://cell.com/cell-reports/retrieve/pii/S221112472600639X?_returnURL=https%3A%2F%2Flinkinghub.elsevier.com%2Fretrieve%2Fpii%2FS221112472600639X%3Fshowall%3Dtrue → 403 (181ms, 6833B)
[2026-06-20T00:57:58.098Z] GET https://cell.com/cdn-cgi/challenge-platform/h/g/orchestrate/chl_page/v1?ray=a0e6d28a2e43dbff → pending (?ms, ?B)
[2026-06-20T00:57:58.649Z] GET blob:https://cell.com/54dabd53-3284-4124-960b-35b20e075ab7 → pending (?ms, ?B)
[2026-06-20T00:57:58.669Z] GET https://challenges.cloudflare.com/turnstile/v0/g/f95a7f38c08f/api.js?onload=NsqWi3&render=explicit → 200 (30ms, 67081B)
[2026-06-20T00:57:58.799Z] POST https://cell.com/cdn-cgi/challenge-platform/h/g/flow/ov1/1337224512:1781913625:aQJvSHq1SpaajYQInfjPgJ1D8L_Uiz8qb4eslFF9Y0M/a0e6d28a2e43dbff/9TB5ECEWmAEUl2kluTlfhPgz.HT0G3yRJzkFW6LTwZo-1781917078-1.2.1.1-1wIGc02rTYxujYuOEG9MrRIX4twlTbUXE5fD5RJ2ehp_ycxOFJGXnGJfjRebxbeo → 200 (185ms, 18616B)
[2026-06-20T00:57:58.993Z] GET blob:https://cell.com/e46471ad-20ad-482b-b40e-f0bfa460826b → 200 (13ms, 291B)
[2026-06-20T00:57:59.005Z] GET https://challenges.cloudflare.com/cdn-cgi/challenge-platform/h/g/turnstile/f/ov2/av0/rch/lehbe/0x4AAAAAAADnPIDROrmt1Wwj/light/fbE/new/normal?lang=auto → 200 (185ms, ?B)
[2026-06-20T00:57:59.260Z] GET https://challenges.cloudflare.com/cdn-cgi/challenge-platform/h/g/cmg/1 → 200 (183ms, 86B)
[2026-06-20T00:57:59.404Z] GET blob:https://challenges.cloudflare.com/ca1511c2-8891-40c2-b144-851aae45f649 → pending (?ms, ?B)
[2026-06-20T00:57:59.580Z] POST https://challenges.cloudflare.com/cdn-cgi/challenge-platform/h/g/flow/ov1/3098906513:1781913627:twcvJxGEQHKrT64c27Ksm1IrYyVLoBwx2zfTyuxUXrI/a0e6d2915912df0a/_.u3XVdostmLrjfVhuEmWO_jQpZIihD6..yg9_mS1Bc-1781917079-1.2.1.1-oiasaLkiYWp8geNxy0WHw1NE3p2aXBeZ_5WT1m7aIw6TClmf7FlgUneGbfFdT3Gl → 200 (297ms, ?B)
[2026-06-20T00:58:00.445Z] GET blob:https://challenges.cloudflare.com/bccfa8b5-622c-478b-b5e7-06a055bbebb8 → 200 (13ms, 291B)
[2026-06-20T00:58:00.662Z] GET https://challenges.cloudflare.com/cdn-cgi/challenge-platform/h/g/pat/a0e6d2915912df0a/1781917079833/6e0249bfd222f68c658d193c47cfc8eaffe285be540fdcf36726457a3454ef4c/Ob9zxC6cgbEjhS5 → 401 (210ms, 1B)
[2026-06-20T00:58:00.898Z] GET blob:https://challenges.cloudflare.com/bccfa8b5-622c-478b-b5e7-06a055bbebb8 → 200 (6ms, 291B)
[2026-06-20T00:58:01.087Z] GET https://challenges.cloudflare.com/cdn-cgi/challenge-platform/h/g/d/a0e6d2915912df0a/1781917079834/LeR8ebLWEFMyeh6 → pending (?ms, ?B)
[2026-06-20T00:58:01.680Z] POST https://challenges.cloudflare.com/cdn-cgi/challenge-platform/h/g/flow/ov1/3098906513:1781913627:twcvJxGEQHKrT64c27Ksm1IrYyVLoBwx2zfTyuxUXrI/a0e6d2915912df0a/_.u3XVdostmLrjfVhuEmWO_jQpZIihD6..yg9_mS1Bc-1781917079-1.2.1.1-oiasaLkiYWp8geNxy0WHw1NE3p2aXBeZ_5WT1m7aIw6TClmf7FlgUneGbfFdT3Gl → 200 (262ms, 33656B)
[2026-06-20T00:58:01.950Z] GET blob:https://challenges.cloudflare.com/eb7dc9c9-fb5b-470d-a3b9-6b47d84fd607 → 200 (7ms, 291B)
[2026-06-20T01:00:01.980Z] POST https://cell.com/cdn-cgi/challenge-platform/h/g/flow/ov1/1337224512:1781913625:aQJvSHq1SpaajYQInfjPgJ1D8L_Uiz8qb4eslFF9Y0M/a0e6d28a2e43dbff/9TB5ECEWmAEUl2kluTlfhPgz.HT0G3yRJzkFW6LTwZo-1781917078-1.2.1.1-1wIGc02rTYxujYuOEG9MrRIX4twlTbUXE5fD5RJ2ehp_ycxOFJGXnGJfjRebxbeo → 400 (188ms, 121B)
[2026-06-20T01:00:02.174Z] POST https://cell.com/cdn-cgi/challenge-platform/h/g/b/ov1/1337224512:1781913625:aQJvSHq1SpaajYQInfjPgJ1D8L_Uiz8qb4eslFF9Y0M/a0e6d28a2e43dbff/9TB5ECEWmAEUl2kluTlfhPgz.HT0G3yRJzkFW6LTwZo-1781917078-1.2.1.1-1wIGc02rTYxujYuOEG9MrRIX4twlTbUXE5fD5RJ2ehp_ycxOFJGXnGJfjRebxbeo/managed → pending (?ms, ?B)
[2026-06-20T01:00:04.175Z] GET https://cell.com/cell-reports/retrieve/pii/S221112472600639X?_returnURL=https%3A%2F%2Flinkinghub.elsevier.com%2Fretrieve%2Fpii%2FS221112472600639X%3Fshowall%3Dtrue → pending (?ms, ?B)
[2026-06-20T01:00:04.356Z] GET https://cell.com/cdn-cgi/challenge-platform/h/g/orchestrate/chl_page/v1?ray=a0e6d59f99a6eb2d → pending (?ms, ?B)
[2026-06-20T01:00:05.664Z] GET blob:https://cell.com/5da5a855-f14e-43b7-9c66-811ffbed129e → pending (?ms, ?B)
[2026-06-20T01:00:05.682Z] GET https://challenges.cloudflare.com/turnstile/v0/g/f95a7f38c08f/api.js?onload=NsqWi3&render=explicit → 200 (1ms, 67081B)
[2026-06-20T01:00:05.823Z] POST https://cell.com/cdn-cgi/challenge-platform/h/g/flow/ov1/1337224512:1781913625:aQJvSHq1SpaajYQInfjPgJ1D8L_Uiz8qb4eslFF9Y0M/a0e6d59f99a6eb2d/GAEkzBsopO8zUn4C7_vcrE.f6O6t1x77cK1lDiMjvRs-1781917204-1.2.1.1-0ykjJOqinC8tcC1gKdIcx3QgMPvPOAv4r2iXPA7FSMeY5aoDvC6TJIuM2hFkuJnx → 200 (184ms, 18616B)
[2026-06-20T01:00:06.272Z] GET blob:https://cell.com/a3886abc-291e-41e2-bf49-779618777b0c → 200 (10ms, 291B)
[2026-06-20T01:00:06.279Z] GET https://challenges.cloudflare.com/cdn-cgi/challenge-platform/h/g/turnstile/f/ov2/av0/rch/58g18/0x4AAAAAAADnPIDROrmt1Wwj/light/fbE/new/normal?lang=auto → pending (?ms, ?B)
[2026-06-20T01:00:06.496Z] GET https://challenges.cloudflare.com/cdn-cgi/challenge-platform/h/g/cmg/1 → pending (?ms, ?B)
[2026-06-20T01:00:08.131Z] GET blob:https://challenges.cloudflare.com/59abd4e7-eedf-46e4-8d1d-884813d4b0f4 → pending (?ms, ?B)
[2026-06-20T01:00:08.299Z] POST https://challenges.cloudflare.com/cdn-cgi/challenge-platform/h/g/flow/ov1/3098906513:1781913627:twcvJxGEQHKrT64c27Ksm1IrYyVLoBwx2zfTyuxUXrI/a0e6d5acdbfa7e21/dJc31j1lTwNySQiOkjXx_p0qMygRj5AfE6lwv3zfeQk-1781917206-1.2.1.1-0lgxKWFqxWwViih7Rb9TEI8PHZFtOFELXcE4ORWbUmXJKDIs6w8EqD6fRlEYau26 → 200 (364ms, ?B)
[2026-06-20T01:00:12.810Z] GET blob:https://challenges.cloudflare.com/dfa83a9d-c3c7-4289-acc0-e845f83bb993 → 200 (64ms, 291B)
[2026-06-20T01:00:13.074Z] GET blob:https://challenges.cloudflare.com/dfa83a9d-c3c7-4289-acc0-e845f83bb993 → 200 (5ms, 291B)
[2026-06-20T01:00:13.364Z] GET https://challenges.cloudflare.com/cdn-cgi/challenge-platform/h/g/d/a0e6d5acdbfa7e21/1781917208562/T30BtSyI1dbPwf1 → 200 (171ms, 4211B)
[2026-06-20T01:00:13.556Z] GET https://challenges.cloudflare.com/cdn-cgi/challenge-platform/h/g/pat/a0e6d5acdbfa7e21/1781917208563/80eca85e14da44d3847874a83cbc61f5848c3b6515e886a7ca536aee12354c8b/oiNjMq8_L_aBCZh → 401 (179ms, 1B)
[2026-06-20T01:00:13.993Z] POST https://challenges.cloudflare.com/cdn-cgi/challenge-platform/h/g/flow/ov1/3098906513:1781913627:twcvJxGEQHKrT64c27Ksm1IrYyVLoBwx2zfTyuxUXrI/a0e6d5acdbfa7e21/dJc31j1lTwNySQiOkjXx_p0qMygRj5AfE6lwv3zfeQk-1781917206-1.2.1.1-0lgxKWFqxWwViih7Rb9TEI8PHZFtOFELXcE4ORWbUmXJKDIs6w8EqD6fRlEYau26 → pending (?ms, ?B)
[2026-06-20T01:00:14.658Z] GET blob:https://challenges.cloudflare.com/99e5558d-9989-40ee-b2f3-2d7af14014b7 → 200 (8ms, 291B)
[2026-06-20T01:02:14.687Z] POST https://cell.com/cdn-cgi/challenge-platform/h/g/flow/ov1/1337224512:1781913625:aQJvSHq1SpaajYQInfjPgJ1D8L_Uiz8qb4eslFF9Y0M/a0e6d59f99a6eb2d/GAEkzBsopO8zUn4C7_vcrE.f6O6t1x77cK1lDiMjvRs-1781917204-1.2.1.1-0ykjJOqinC8tcC1gKdIcx3QgMPvPOAv4r2iXPA7FSMeY5aoDvC6TJIuM2hFkuJnx → 400 (194ms, 121B)
[2026-06-20T01:02:14.886Z] POST https://cell.com/cdn-cgi/challenge-platform/h/g/b/ov1/1337224512:1781913625:aQJvSHq1SpaajYQInfjPgJ1D8L_Uiz8qb4eslFF9Y0M/a0e6d59f99a6eb2d/GAEkzBsopO8zUn4C7_vcrE.f6O6t1x77cK1lDiMjvRs-1781917204-1.2.1.1-0ykjJOqinC8tcC1gKdIcx3QgMPvPOAv4r2iXPA7FSMeY5aoDvC6TJIuM2hFkuJnx/managed → 200 (167ms, 2B)
[2026-06-20T01:02:18.889Z] GET https://cell.com/cell-reports/retrieve/pii/S221112472600639X?_returnURL=https%3A%2F%2Flinkinghub.elsevier.com%2Fretrieve%2Fpii%2FS221112472600639X%3Fshowall%3Dtrue → 403 (160ms, 6940B)
[2026-06-20T01:02:19.057Z] GET https://cell.com/cdn-cgi/challenge-platform/h/g/orchestrate/chl_page/v1?ray=a0e6d8e98bef053e → pending (?ms, ?B)
[2026-06-20T01:02:19.670Z] GET blob:https://cell.com/25f17b54-58d7-4024-8ae5-567941f89fd4 → pending (?ms, ?B)
[2026-06-20T01:02:19.686Z] GET https://challenges.cloudflare.com/turnstile/v0/g/f95a7f38c08f/api.js?onload=NsqWi3&render=explicit → 200 (2ms, 67081B)
[2026-06-20T01:02:19.825Z] POST https://cell.com/cdn-cgi/challenge-platform/h/g/flow/ov1/1337224512:1781913625:aQJvSHq1SpaajYQInfjPgJ1D8L_Uiz8qb4eslFF9Y0M/a0e6d8e98bef053e/W40bq1tStRgU0YolRB8fJGVuGmoZoAic0q4RbiolZbE-1781917339-1.2.1.1-oU3QXg7NRqbr3ZNTTMJLOXLFTKaL8J0lnr7bq4ognI0TFLg.Q_ES_myoqe.5aw2W → 200 (222ms, 18608B)
[2026-06-20T01:02:20.042Z] GET blob:https://cell.com/cf27f426-344f-4c9d-9bfe-aa98999c5eea → 200 (11ms, 291B)
[2026-06-20T01:02:20.049Z] GET https://challenges.cloudflare.com/cdn-cgi/challenge-platform/h/g/turnstile/f/ov2/av0/rch/7cqlq/0x4AAAAAAADnPIDROrmt1Wwj/light/fbE/new/normal?lang=auto → 200 (189ms, ?B)
[2026-06-20T01:02:20.251Z] GET https://challenges.cloudflare.com/cdn-cgi/challenge-platform/h/g/cmg/1 → pending (?ms, ?B)
[2026-06-20T01:02:20.781Z] GET blob:https://challenges.cloudflare.com/38a08ea8-a2b6-44b4-ad2d-9601761f00cd → pending (?ms, ?B)
[2026-06-20T01:02:20.945Z] POST https://challenges.cloudflare.com/cdn-cgi/challenge-platform/h/g/flow/ov1/3098906513:1781913627:twcvJxGEQHKrT64c27Ksm1IrYyVLoBwx2zfTyuxUXrI/a0e6d8f0eb64b8e7/WeZTgFT_snSUp_5E2FqdJksEIPiI6HpE9qXesO9gsuA-1781917340-1.2.1.1-jk0tyYV_rHZNcxdoyVPOnhgW2IUBoBmPIkR12yRgmrPWawd6K6XKFEX_DAWHytaA → 200 (284ms, ?B)
[2026-06-20T01:02:22.569Z] GET blob:https://challenges.cloudflare.com/6b79e5ec-54ed-403a-b64a-c013501aee7d → 200 (9ms, 291B)
[2026-06-20T01:02:22.898Z] GET blob:https://challenges.cloudflare.com/6b79e5ec-54ed-403a-b64a-c013501aee7d → 200 (7ms, 291B)
[2026-06-20T01:02:23.307Z] GET https://challenges.cloudflare.com/cdn-cgi/challenge-platform/h/g/d/a0e6d8f0eb64b8e7/1781917341203/OojZIWex7ErXxGK → pending (?ms, ?B)
[2026-06-20T01:02:23.492Z] GET https://challenges.cloudflare.com/cdn-cgi/challenge-platform/h/g/pat/a0e6d8f0eb64b8e7/1781917341203/da920bd970524dd6ab5e2c9753ef2faacdfc2f07f73677b117725f244b8de143/1L1CFS2AayHQOYx → 401 (170ms, 1B)
[2026-06-20T01:02:23.744Z] POST https://challenges.cloudflare.com/cdn-cgi/challenge-platform/h/g/flow/ov1/3098906513:1781913627:twcvJxGEQHKrT64c27Ksm1IrYyVLoBwx2zfTyuxUXrI/a0e6d8f0eb64b8e7/WeZTgFT_snSUp_5E2FqdJksEIPiI6HpE9qXesO9gsuA-1781917340-1.2.1.1-jk0tyYV_rHZNcxdoyVPOnhgW2IUBoBmPIkR12yRgmrPWawd6K6XKFEX_DAWHytaA → 200 (423ms, 33656B)
[2026-06-20T01:02:24.199Z] GET blob:https://challenges.cloudflare.com/61b0fef8-ab53-43af-908f-a02002b07976 → 200 (5ms, 291B)
[2026-06-20T01:04:24.237Z] POST https://cell.com/cdn-cgi/challenge-platform/h/g/flow/ov1/1337224512:1781913625:aQJvSHq1SpaajYQInfjPgJ1D8L_Uiz8qb4eslFF9Y0M/a0e6d8e98bef053e/W40bq1tStRgU0YolRB8fJGVuGmoZoAic0q4RbiolZbE-1781917339-1.2.1.1-oU3QXg7NRqbr3ZNTTMJLOXLFTKaL8J0lnr7bq4ognI0TFLg.Q_ES_myoqe.5aw2W → pending (?ms, ?B)
[2026-06-20T01:04:24.439Z] POST https://cell.com/cdn-cgi/challenge-platform/h/g/b/ov1/1337224512:1781913625:aQJvSHq1SpaajYQInfjPgJ1D8L_Uiz8qb4eslFF9Y0M/a0e6d8e98bef053e/W40bq1tStRgU0YolRB8fJGVuGmoZoAic0q4RbiolZbE-1781917339-1.2.1.1-oU3QXg7NRqbr3ZNTTMJLOXLFTKaL8J0lnr7bq4ognI0TFLg.Q_ES_myoqe.5aw2W/managed → 200 (221ms, 2B)
[2026-06-20T01:04:32.439Z] GET https://cell.com/cell-reports/retrieve/pii/S221112472600639X?_returnURL=https%3A%2F%2Flinkinghub.elsevier.com%2Fretrieve%2Fpii%2FS221112472600639X%3Fshowall%3Dtrue → 403 (169ms, 6940B)
[2026-06-20T01:04:32.834Z] GET https://cell.com/cdn-cgi/challenge-platform/h/g/orchestrate/chl_page/v1?ray=a0e6dc2c2ab0cf2b → pending (?ms, ?B)
[2026-06-20T01:04:35.973Z] GET blob:https://cell.com/7281dc65-40ca-47bf-9746-568d03f364d0 → pending (?ms, ?B)
[2026-06-20T01:04:35.990Z] GET https://challenges.cloudflare.com/turnstile/v0/g/f95a7f38c08f/api.js?onload=NsqWi3&render=explicit → 200 (1ms, 67081B)
[2026-06-20T01:04:36.124Z] POST https://cell.com/cdn-cgi/challenge-platform/h/g/flow/ov1/1337224512:1781913625:aQJvSHq1SpaajYQInfjPgJ1D8L_Uiz8qb4eslFF9Y0M/a0e6dc2c2ab0cf2b/G58uAxsIaeo4rVqsLf7DPgoKypTB5IMXIfbokwXdA7E-1781917472-1.2.1.1-vI69PR3XxgUaRBHl5dWExRTdmdGPW3Y17n.2jzf0.TCYH3oDZuIkofk7a5UTeGN8 → 200 (244ms, ?B)
[2026-06-20T01:04:37.264Z] GET blob:https://cell.com/0c01e0bd-6f5c-4b22-a5a6-98488e6d4c8f → 200 (10ms, 291B)
[2026-06-20T01:04:37.271Z] GET https://challenges.cloudflare.com/cdn-cgi/challenge-platform/h/g/turnstile/f/ov2/av0/rch/8stsr/0x4AAAAAAADnPIDROrmt1Wwj/light/fbE/new/normal?lang=auto → pending (?ms, ?B)
[2026-06-20T01:04:37.468Z] GET https://challenges.cloudflare.com/cdn-cgi/challenge-platform/h/g/cmg/1 → 200 (632ms, 86B)
[2026-06-20T01:04:38.133Z] GET blob:https://challenges.cloudflare.com/38e52472-7d4b-4341-a0b6-b8f1b871f287 → pending (?ms, ?B)
[2026-06-20T01:04:38.292Z] POST https://challenges.cloudflare.com/cdn-cgi/challenge-platform/h/g/flow/ov1/3098906513:1781913627:twcvJxGEQHKrT64c27Ksm1IrYyVLoBwx2zfTyuxUXrI/a0e6dc4a58c97ae8/X80VMic5HF6fiNF0tz8SMASkd.H0r_kVtn53qCwjCuI-1781917477-1.2.1.1-Fp_x6sM4sq82toPYMEhTOkuraH_771VdZPYOTo80irUVmWyA4vt9iIXRUgEiptB1 → pending (?ms, ?B)
[2026-06-20T01:04:41.827Z] GET blob:https://challenges.cloudflare.com/29df790b-1599-4981-b38a-e5e0379b5393 → 200 (56ms, 291B)
[2026-06-20T01:04:42.253Z] GET blob:https://challenges.cloudflare.com/29df790b-1599-4981-b38a-e5e0379b5393 → 200 (5ms, 291B)
[2026-06-20T01:04:42.304Z] GET https://challenges.cloudflare.com/cdn-cgi/challenge-platform/h/g/pat/a0e6dc4a58c97ae8/1781917478528/fb4c93286f29c6bf8b24935552de47016480a36e6edfdae821d978fbd7b504ea/4fkQ4FKjbArnzED → pending (?ms, ?B)
[2026-06-20T01:04:42.936Z] GET https://challenges.cloudflare.com/cdn-cgi/challenge-platform/h/g/d/a0e6dc4a58c97ae8/1781917478528/ZZ54PGUsvWqTEZ2 → 200 (162ms, 8535B)
[2026-06-20T01:04:43.669Z] POST https://challenges.cloudflare.com/cdn-cgi/challenge-platform/h/g/flow/ov1/3098906513:1781913627:twcvJxGEQHKrT64c27Ksm1IrYyVLoBwx2zfTyuxUXrI/a0e6dc4a58c97ae8/X80VMic5HF6fiNF0tz8SMASkd.H0r_kVtn53qCwjCuI-1781917477-1.2.1.1-Fp_x6sM4sq82toPYMEhTOkuraH_771VdZPYOTo80irUVmWyA4vt9iIXRUgEiptB1 → 200 (404ms, ?B)
[2026-06-20T01:04:44.620Z] GET blob:https://challenges.cloudflare.com/61b79ed2-42a9-4848-9d55-161208c3a671 → 200 (8ms, 291B)
[2026-06-20T01:06:44.658Z] POST https://cell.com/cdn-cgi/challenge-platform/h/g/flow/ov1/1337224512:1781913625:aQJvSHq1SpaajYQInfjPgJ1D8L_Uiz8qb4eslFF9Y0M/a0e6dc2c2ab0cf2b/G58uAxsIaeo4rVqsLf7DPgoKypTB5IMXIfbokwXdA7E-1781917472-1.2.1.1-vI69PR3XxgUaRBHl5dWExRTdmdGPW3Y17n.2jzf0.TCYH3oDZuIkofk7a5UTeGN8 → 400 (180ms, 121B)
[2026-06-20T01:06:44.846Z] POST https://cell.com/cdn-cgi/challenge-platform/h/g/b/ov1/1337224512:1781913625:aQJvSHq1SpaajYQInfjPgJ1D8L_Uiz8qb4eslFF9Y0M/a0e6dc2c2ab0cf2b/G58uAxsIaeo4rVqsLf7DPgoKypTB5IMXIfbokwXdA7E-1781917472-1.2.1.1-vI69PR3XxgUaRBHl5dWExRTdmdGPW3Y17n.2jzf0.TCYH3oDZuIkofk7a5UTeGN8/managed → 200 (176ms, 2B)
[2026-06-20T01:07:00.846Z] GET https://cell.com/cell-reports/retrieve/pii/S221112472600639X?_returnURL=https%3A%2F%2Flinkinghub.elsevier.com%2Fretrieve%2Fpii%2FS221112472600639X%3Fshowall%3Dtrue → 403 (220ms, 6940B)
[2026-06-20T01:07:01.073Z] GET https://cell.com/cdn-cgi/challenge-platform/h/g/orchestrate/chl_page/v1?ray=a0e6dfcc1bcb6af7 → pending (?ms, ?B)
[2026-06-20T01:07:01.631Z] GET blob:https://cell.com/86efe31c-d90b-43bc-b2ce-58c0586e4b8f → pending (?ms, ?B)
[2026-06-20T01:07:01.649Z] GET https://challenges.cloudflare.com/turnstile/v0/g/f95a7f38c08f/api.js?onload=NsqWi3&render=explicit → 200 (1ms, 67081B)
[2026-06-20T01:07:01.789Z] POST https://cell.com/cdn-cgi/challenge-platform/h/g/flow/ov1/1337224512:1781913625:aQJvSHq1SpaajYQInfjPgJ1D8L_Uiz8qb4eslFF9Y0M/a0e6dfcc1bcb6af7/GdCj7zaXgKN5yGjkszZW22kMDK5wTytXBAljz6huY0c-1781917621-1.2.1.1-5t3oxW0a36T30lKa4vymIawdqHdMKxI9lF7VYeuRBQSNdWcu60JRut3X.Ifo2eyl → 200 (184ms, 18608B)
[2026-06-20T01:07:01.981Z] GET blob:https://cell.com/00c2fce8-9d6b-46ca-b44f-f52fdb9ef650 → 200 (14ms, 291B)
[2026-06-20T01:07:01.988Z] GET https://challenges.cloudflare.com/cdn-cgi/challenge-platform/h/g/turnstile/f/ov2/av0/rch/xmdje/0x4AAAAAAADnPIDROrmt1Wwj/light/fbE/new/normal?lang=auto → 200 (169ms, ?B)
[2026-06-20T01:07:02.169Z] GET https://challenges.cloudflare.com/cdn-cgi/challenge-platform/h/g/cmg/1 → pending (?ms, ?B)
[2026-06-20T01:07:02.636Z] GET blob:https://challenges.cloudflare.com/8491eaa0-4f43-421f-a157-8af3e8bbe88e → pending (?ms, ?B)
[2026-06-20T01:07:02.803Z] POST https://challenges.cloudflare.com/cdn-cgi/challenge-platform/h/g/flow/ov1/3098906513:1781913627:twcvJxGEQHKrT64c27Ksm1IrYyVLoBwx2zfTyuxUXrI/a0e6dfd2db1b7834/wwCp6In6qKwwyMgfK1SuNxzRnAkgzJ81Lx.2WzhzJDs-1781917622-1.2.1.1-8FGtTPWqb6WBlZYUx5xobHorcSx6pRFpxV9o06XwePewamYBq48XxAC0YaEr.VdG → 200 (260ms, ?B)
[2026-06-20T01:07:04.079Z] GET blob:https://challenges.cloudflare.com/8b92aafa-fcb8-4c2d-af71-1ddc1a8a12a6 → 200 (9ms, 291B)
[2026-06-20T01:07:04.299Z] GET blob:https://challenges.cloudflare.com/8b92aafa-fcb8-4c2d-af71-1ddc1a8a12a6 → 200 (7ms, 291B)
[2026-06-20T01:07:04.642Z] GET https://challenges.cloudflare.com/cdn-cgi/challenge-platform/h/g/d/a0e6dfd2db1b7834/1781917623037/rNL2YO_Qfd6kcAn → 200 (150ms, 328B)
[2026-06-20T01:07:04.845Z] GET https://challenges.cloudflare.com/cdn-cgi/challenge-platform/h/g/pat/a0e6dfd2db1b7834/1781917623037/ef8d746f398f2318d5cc0b36cc84a285e72bd3afe0fb722bace8e30236e2cb48/a63gVjg5ERdrSbk → 401 (151ms, 1B)
[2026-06-20T01:07:05.181Z] POST https://challenges.cloudflare.com/cdn-cgi/challenge-platform/h/g/flow/ov1/3098906513:1781913627:twcvJxGEQHKrT64c27Ksm1IrYyVLoBwx2zfTyuxUXrI/a0e6dfd2db1b7834/wwCp6In6qKwwyMgfK1SuNxzRnAkgzJ81Lx.2WzhzJDs-1781917622-1.2.1.1-8FGtTPWqb6WBlZYUx5xobHorcSx6pRFpxV9o06XwePewamYBq48XxAC0YaEr.VdG → pending (?ms, ?B)
[2026-06-20T01:07:05.560Z] GET blob:https://challenges.cloudflare.com/afda9f19-6e08-429f-940f-a9406d441e20 → 200 (6ms, 291B)
[2026-06-20T01:09:05.591Z] POST https://cell.com/cdn-cgi/challenge-platform/h/g/flow/ov1/1337224512:1781913625:aQJvSHq1SpaajYQInfjPgJ1D8L_Uiz8qb4eslFF9Y0M/a0e6dfcc1bcb6af7/GdCj7zaXgKN5yGjkszZW22kMDK5wTytXBAljz6huY0c-1781917621-1.2.1.1-5t3oxW0a36T30lKa4vymIawdqHdMKxI9lF7VYeuRBQSNdWcu60JRut3X.Ifo2eyl → 400 (259ms, 121B)
[2026-06-20T01:09:05.854Z] POST https://cell.com/cdn-cgi/challenge-platform/h/g/b/ov1/1337224512:1781913625:aQJvSHq1SpaajYQInfjPgJ1D8L_Uiz8qb4eslFF9Y0M/a0e6dfcc1bcb6af7/GdCj7zaXgKN5yGjkszZW22kMDK5wTytXBAljz6huY0c-1781917621-1.2.1.1-5t3oxW0a36T30lKa4vymIawdqHdMKxI9lF7VYeuRBQSNdWcu60JRut3X.Ifo2eyl/managed → 200 (182ms, 2B)
[2026-06-20T01:09:37.830Z] GET https://cell.com/cell-reports/retrieve/pii/S221112472600639X?_returnURL=https%3A%2F%2Flinkinghub.elsevier.com%2Fretrieve%2Fpii%2FS221112472600639X%3Fshowall%3Dtrue → 403 (189ms, 6940B)
[2026-06-20T01:09:38.025Z] GET https://cell.com/cdn-cgi/challenge-platform/h/g/orchestrate/chl_page/v1?ray=a0e6e3a14b6edbff → pending (?ms, ?B)
[2026-06-20T01:09:38.519Z] GET blob:https://cell.com/1dcac432-964b-4146-afe7-d35ffc0118a6 → pending (?ms, ?B)
[2026-06-20T01:09:38.537Z] GET https://challenges.cloudflare.com/turnstile/v0/g/f95a7f38c08f/api.js?onload=NsqWi3&render=explicit → 200 (?ms, 67081B)
[2026-06-20T01:09:38.680Z] POST https://cell.com/cdn-cgi/challenge-platform/h/g/flow/ov1/1337224512:1781913625:aQJvSHq1SpaajYQInfjPgJ1D8L_Uiz8qb4eslFF9Y0M/a0e6e3a14b6edbff/9hgCPZvtZMhVIjMurIeJwZhsJv7pnPtrA7oXAMfO11o-1781917778-1.2.1.1-RAPY9nzegtJzqGTtbOfXaeGR0gY7aSsuJk9WIeFSGVL0l5ssa9FFiu0JltraQLdG → 200 (169ms, 18608B)
[2026-06-20T01:09:38.857Z] GET blob:https://cell.com/114e1aa4-7bfa-4ac0-a692-9fe0c49397a8 → 200 (11ms, 291B)
[2026-06-20T01:09:38.864Z] GET https://challenges.cloudflare.com/cdn-cgi/challenge-platform/h/g/turnstile/f/ov2/av0/rch/ge8fi/0x4AAAAAAADnPIDROrmt1Wwj/light/fbE/new/normal?lang=auto → 200 (183ms, ?B)
[2026-06-20T01:09:39.060Z] GET https://challenges.cloudflare.com/cdn-cgi/challenge-platform/h/g/cmg/1 → pending (?ms, ?B)
[2026-06-20T01:09:39.744Z] GET blob:https://challenges.cloudflare.com/b4dd2b6f-173f-4ae1-9c67-58e1f3f524e9 → pending (?ms, ?B)
[2026-06-20T01:09:39.912Z] POST https://challenges.cloudflare.com/cdn-cgi/challenge-platform/h/g/flow/ov1/3098906513:1781913627:twcvJxGEQHKrT64c27Ksm1IrYyVLoBwx2zfTyuxUXrI/a0e6e3a7a86c7834/HN5jWbjHsGmCuvZmcvZ.USwp4VGmxZmBI.iqZgQ6su0-1781917779-1.2.1.1-y20oPi5PiFunSpuTaSLT422.p1rHz7vJ9ECXI.bSxbTGsS3_1kIfQd5Sm57SmPCq → 200 (343ms, ?B)
[2026-06-20T01:09:42.296Z] GET blob:https://challenges.cloudflare.com/355900f5-a400-4528-9379-8f12311a1bc8 → 200 (9ms, 291B)
[2026-06-20T01:09:42.519Z] GET blob:https://challenges.cloudflare.com/355900f5-a400-4528-9379-8f12311a1bc8 → 200 (10ms, 291B)
[2026-06-20T01:09:42.680Z] GET https://challenges.cloudflare.com/cdn-cgi/challenge-platform/h/g/d/a0e6e3a7a86c7834/1781917780192/aiZ0SYmT57gM0Kx → 200 (171ms, 5255B)
[2026-06-20T01:09:42.982Z] GET https://challenges.cloudflare.com/cdn-cgi/challenge-platform/h/g/pat/a0e6e3a7a86c7834/1781917780192/aaf8605bd0c0723fd03f6249df03efc10c9dc6ed5a1cd501826f58f01da6a674/0yhw-Toid1Pruk1 → 401 (169ms, 1B)
[2026-06-20T01:09:43.424Z] POST https://challenges.cloudflare.com/cdn-cgi/challenge-platform/h/g/flow/ov1/3098906513:1781913627:twcvJxGEQHKrT64c27Ksm1IrYyVLoBwx2zfTyuxUXrI/a0e6e3a7a86c7834/HN5jWbjHsGmCuvZmcvZ.USwp4VGmxZmBI.iqZgQ6su0-1781917779-1.2.1.1-y20oPi5PiFunSpuTaSLT422.p1rHz7vJ9ECXI.bSxbTGsS3_1kIfQd5Sm57SmPCq → pending (?ms, ?B)
[2026-06-20T01:09:44.168Z] GET blob:https://challenges.cloudflare.com/2ac6f32f-a9eb-4747-bcbf-df9c0689f205 → 200 (6ms, 291B)
[2026-06-20T01:11:44.190Z] POST https://cell.com/cdn-cgi/challenge-platform/h/g/flow/ov1/1337224512:1781913625:aQJvSHq1SpaajYQInfjPgJ1D8L_Uiz8qb4eslFF9Y0M/a0e6e3a14b6edbff/9hgCPZvtZMhVIjMurIeJwZhsJv7pnPtrA7oXAMfO11o-1781917778-1.2.1.1-RAPY9nzegtJzqGTtbOfXaeGR0gY7aSsuJk9WIeFSGVL0l5ssa9FFiu0JltraQLdG → 400 (211ms, 121B)
[2026-06-20T01:11:44.406Z] POST https://cell.com/cdn-cgi/challenge-platform/h/g/b/ov1/1337224512:1781913625:aQJvSHq1SpaajYQInfjPgJ1D8L_Uiz8qb4eslFF9Y0M/a0e6e3a14b6edbff/9hgCPZvtZMhVIjMurIeJwZhsJv7pnPtrA7oXAMfO11o-1781917778-1.2.1.1-RAPY9nzegtJzqGTtbOfXaeGR0gY7aSsuJk9WIeFSGVL0l5ssa9FFiu0JltraQLdG/managed → pending (?ms, ?B)
[2026-06-20T01:12:16.409Z] GET https://cell.com/cell-reports/retrieve/pii/S221112472600639X?_returnURL=https%3A%2F%2Flinkinghub.elsevier.com%2Fretrieve%2Fpii%2FS221112472600639X%3Fshowall%3Dtrue → pending (?ms, ?B)
[2026-06-20T01:12:16.682Z] GET https://cell.com/cdn-cgi/challenge-platform/h/g/orchestrate/chl_page/v1?ray=a0e6e780fc84dbff → 200 (481ms, 217379B)
[2026-06-20T01:12:17.171Z] GET blob:https://cell.com/8723d197-4467-44ea-af1f-85b44eee9a6f → pending (?ms, ?B)
[2026-06-20T01:12:17.189Z] GET https://challenges.cloudflare.com/turnstile/v0/g/f95a7f38c08f/api.js?onload=NsqWi3&render=explicit → 200 (1ms, 67081B)
[2026-06-20T01:12:17.331Z] POST https://cell.com/cdn-cgi/challenge-platform/h/g/flow/ov1/1337224512:1781913625:aQJvSHq1SpaajYQInfjPgJ1D8L_Uiz8qb4eslFF9Y0M/a0e6e780fc84dbff/ui0u2rj5napwfiaaAY3k1XYUK5G5rkHmkxrBMcp4DaU-1781917936-1.2.1.1-Yu6d2pNZagqIzW5EEyNMLaI9YVb4Ll9Etv.0MakMwLqBxQ0W.XRmUc4DsxFISpaw → pending (?ms, ?B)
[2026-06-20T01:12:17.542Z] GET blob:https://cell.com/3a69668d-8109-444e-8ac3-bb3eed1f769c → 200 (8ms, 291B)
[2026-06-20T01:12:17.547Z] GET https://challenges.cloudflare.com/cdn-cgi/challenge-platform/h/g/turnstile/f/ov2/av0/rch/h4lha/0x4AAAAAAADnPIDROrmt1Wwj/light/fbE/new/normal?lang=auto → pending (?ms, ?B)
[2026-06-20T01:12:47.951Z] GET https://challenges.cloudflare.com/cdn-cgi/challenge-platform/h/g/cmg/1 → pending (?ms, ?B)
[2026-06-20T01:12:50.615Z] GET blob:https://challenges.cloudflare.com/f185668a-592e-430a-84bd-cf354978d1b8 → pending (?ms, ?B)
[2026-06-20T01:12:50.782Z] POST https://challenges.cloudflare.com/cdn-cgi/challenge-platform/h/g/flow/ov1/3098906513:1781913627:twcvJxGEQHKrT64c27Ksm1IrYyVLoBwx2zfTyuxUXrI/a0e6e8430ea4f983/pde1njG7t8R1_mreoYR8cz0WWl2v8245Diz79KNLhbQ-1781917967-1.2.1.1-lFyN8osGSdewf_OrkE85IzJZITCK8XlOIPhGW_MDL4tutrAXXDv6hZUL9f5sHd89 → 200 (364ms, ?B)
[2026-06-20T01:12:56.060Z] POST https://challenges.cloudflare.com/cdn-cgi/challenge-platform/h/g/flow/ov1/3098906513:1781913627:twcvJxGEQHKrT64c27Ksm1IrYyVLoBwx2zfTyuxUXrI/a0e6e8430ea4f983/pde1njG7t8R1_mreoYR8cz0WWl2v8245Diz79KNLhbQ-1781917967-1.2.1.1-lFyN8osGSdewf_OrkE85IzJZITCK8XlOIPhGW_MDL4tutrAXXDv6hZUL9f5sHd89 → 200 (342ms, ?B)
[2026-06-20T01:13:06.582Z] POST https://challenges.cloudflare.com/cdn-cgi/challenge-platform/h/g/flow/ov1/3098906513:1781913627:twcvJxGEQHKrT64c27Ksm1IrYyVLoBwx2zfTyuxUXrI/a0e6e8430ea4f983/pde1njG7t8R1_mreoYR8cz0WWl2v8245Diz79KNLhbQ-1781917967-1.2.1.1-lFyN8osGSdewf_OrkE85IzJZITCK8XlOIPhGW_MDL4tutrAXXDv6hZUL9f5sHd89 → 200 (418ms, ?B)
[2026-06-20T01:13:26.359Z] POST https://cell.com/cdn-cgi/challenge-platform/h/g/flow/ov1/1337224512:1781913625:aQJvSHq1SpaajYQInfjPgJ1D8L_Uiz8qb4eslFF9Y0M/a0e6e780fc84dbff/ui0u2rj5napwfiaaAY3k1XYUK5G5rkHmkxrBMcp4DaU-1781917936-1.2.1.1-Yu6d2pNZagqIzW5EEyNMLaI9YVb4Ll9Etv.0MakMwLqBxQ0W.XRmUc4DsxFISpaw → pending (?ms, ?B)
[2026-06-20T01:13:26.580Z] POST https://cell.com/cdn-cgi/challenge-platform/h/g/b/ov1/1337224512:1781913625:aQJvSHq1SpaajYQInfjPgJ1D8L_Uiz8qb4eslFF9Y0M/a0e6e780fc84dbff/ui0u2rj5napwfiaaAY3k1XYUK5G5rkHmkxrBMcp4DaU-1781917936-1.2.1.1-Yu6d2pNZagqIzW5EEyNMLaI9YVb4Ll9Etv.0MakMwLqBxQ0W.XRmUc4DsxFISpaw/managed → 200 (159ms, 2B)
[2026-06-20T01:13:58.583Z] GET https://cell.com/cell-reports/retrieve/pii/S221112472600639X?_returnURL=https%3A%2F%2Flinkinghub.elsevier.com%2Fretrieve%2Fpii%2FS221112472600639X%3Fshowall%3Dtrue → 403 (193ms, 6940B)
[2026-06-20T01:13:58.783Z] GET https://cell.com/cdn-cgi/challenge-platform/h/g/orchestrate/chl_page/v1?ray=a0e6e9ff0fe8dbff → 200 (528ms, 221584B)
[2026-06-20T01:13:59.319Z] GET blob:https://cell.com/a414e55d-f4bb-4923-ae28-0ac27fbd8685 → pending (?ms, ?B)
[2026-06-20T01:13:59.337Z] GET https://challenges.cloudflare.com/turnstile/v0/g/f95a7f38c08f/api.js?onload=NsqWi3&render=explicit → 200 (1ms, 67081B)
[2026-06-20T01:13:59.478Z] POST https://cell.com/cdn-cgi/challenge-platform/h/g/flow/ov1/197163673:1781917229:fXog3gn4ibYv3LB43Ym0cnI17zLqjBG2_01SFmEoIMc/a0e6e9ff0fe8dbff/gJphj283.NwFhpgOqO8A.Km.a_P157D4nlRoynRDfNw-1781918038-1.2.1.1-mTJGYYoKywc0OANd3jXnAqhxzDyXHi_k1zSV2DNR9l3C9ckjBSV.zJrnzrFgjakr → pending (?ms, ?B)
[2026-06-20T01:13:59.667Z] GET blob:https://cell.com/cd247018-0d57-4b40-8139-568bddca4435 → 200 (14ms, 291B)
[2026-06-20T01:13:59.674Z] GET https://challenges.cloudflare.com/cdn-cgi/challenge-platform/h/g/turnstile/f/ov2/av0/rch/adqbb/0x4AAAAAAADnPIDROrmt1Wwj/light/fbE/new/normal?lang=auto → pending (?ms, ?B)
[2026-06-20T01:14:29.885Z] GET https://challenges.cloudflare.com/cdn-cgi/challenge-platform/h/g/cmg/1 → 200 (507ms, 86B)
[2026-06-20T01:14:30.595Z] GET blob:https://challenges.cloudflare.com/a8d6991c-58bc-48fa-8569-1198bdbcce1b → pending (?ms, ?B)
[2026-06-20T01:14:30.756Z] POST https://challenges.cloudflare.com/cdn-cgi/challenge-platform/h/g/flow/ov1/3098906513:1781913627:twcvJxGEQHKrT64c27Ksm1IrYyVLoBwx2zfTyuxUXrI/a0e6eac14ed88bdb/ZaaeE8BtTjJYFjrsyF.LSjX1mBySZNTjJSWOJvHMwtI-1781918069-1.2.1.1-HQra6d9HelDNV.qmoL3i2KhNHzZuSl4rfYEBBUtqRmQUy2XuLhvW2hLpdggCD4zJ → 200 (297ms, ?B)
[2026-06-20T01:14:32.634Z] GET blob:https://challenges.cloudflare.com/bf254dfd-a4af-4630-8193-9d6f0d14a61b → 200 (64ms, 291B)
[2026-06-20T01:14:32.793Z] GET blob:https://challenges.cloudflare.com/bf254dfd-a4af-4630-8193-9d6f0d14a61b → 200 (6ms, 291B)
[2026-06-20T01:14:32.882Z] GET https://challenges.cloudflare.com/cdn-cgi/challenge-platform/h/g/pat/a0e6eac14ed88bdb/1781918071043/782f297ecd3d4e8dac95ce2965c9cf34c459a1b419c3612fa36fddc13a0379ba/hMv6F08f2l7zVtm → 401 (185ms, 1B)
[2026-06-20T01:14:33.201Z] GET https://challenges.cloudflare.com/cdn-cgi/challenge-platform/h/g/d/a0e6eac14ed88bdb/1781918071043/EH-q7Ea4WL04F1O → 200 (180ms, 647B)
[2026-06-20T01:14:33.907Z] POST https://challenges.cloudflare.com/cdn-cgi/challenge-platform/h/g/flow/ov1/3098906513:1781913627:twcvJxGEQHKrT64c27Ksm1IrYyVLoBwx2zfTyuxUXrI/a0e6eac14ed88bdb/ZaaeE8BtTjJYFjrsyF.LSjX1mBySZNTjJSWOJvHMwtI-1781918069-1.2.1.1-HQra6d9HelDNV.qmoL3i2KhNHzZuSl4rfYEBBUtqRmQUy2XuLhvW2hLpdggCD4zJ → 200 (416ms, 33680B)
[2026-06-20T01:14:34.332Z] GET blob:https://challenges.cloudflare.com/f1425c16-852b-427a-9135-f7daf3890b78 → 200 (8ms, 291B)
[2026-06-20T01:16:34.367Z] POST https://cell.com/cdn-cgi/challenge-platform/h/g/flow/ov1/197163673:1781917229:fXog3gn4ibYv3LB43Ym0cnI17zLqjBG2_01SFmEoIMc/a0e6e9ff0fe8dbff/gJphj283.NwFhpgOqO8A.Km.a_P157D4nlRoynRDfNw-1781918038-1.2.1.1-mTJGYYoKywc0OANd3jXnAqhxzDyXHi_k1zSV2DNR9l3C9ckjBSV.zJrnzrFgjakr → pending (?ms, ?B)
[2026-06-20T01:16:34.619Z] POST https://cell.com/cdn-cgi/challenge-platform/h/g/b/ov1/197163673:1781917229:fXog3gn4ibYv3LB43Ym0cnI17zLqjBG2_01SFmEoIMc/a0e6e9ff0fe8dbff/gJphj283.NwFhpgOqO8A.Km.a_P157D4nlRoynRDfNw-1781918038-1.2.1.1-mTJGYYoKywc0OANd3jXnAqhxzDyXHi_k1zSV2DNR9l3C9ckjBSV.zJrnzrFgjakr/managed → 200 (189ms, 2B)
[2026-06-20T01:17:06.620Z] GET https://cell.com/cell-reports/retrieve/pii/S221112472600639X?_returnURL=https%3A%2F%2Flinkinghub.elsevier.com%2Fretrieve%2Fpii%2FS221112472600639X%3Fshowall%3Dtrue → 403 (192ms, 6940B)
[2026-06-20T01:17:06.820Z] GET https://cell.com/cdn-cgi/challenge-platform/h/g/orchestrate/chl_page/v1?ray=a0e6ee964802dbff → 200 (772ms, 219724B)
[2026-06-20T01:17:07.600Z] GET blob:https://cell.com/83eb4a26-b797-4028-9ba3-daf9801fe6cf → pending (?ms, ?B)
[2026-06-20T01:17:07.619Z] GET https://challenges.cloudflare.com/turnstile/v0/g/f95a7f38c08f/api.js?onload=NsqWi3&render=explicit → 200 (?ms, 67081B)
[2026-06-20T01:17:07.764Z] POST https://cell.com/cdn-cgi/challenge-platform/h/g/flow/ov1/197163673:1781917229:fXog3gn4ibYv3LB43Ym0cnI17zLqjBG2_01SFmEoIMc/a0e6ee964802dbff/cz.i32YqtFMuvl70opZ_5bHSpemRV1pfZLnu5HPjdjo-1781918226-1.2.1.1-3Y.rjeHwOaQKatEL79ha2NqI8eZbeb4qhG_x5xzing0ntAmNJexJxoao81IZaE4p → 200 (229ms, 18608B)
[2026-06-20T01:17:07.999Z] GET blob:https://cell.com/2c1edc34-aeb3-4e07-9e18-35a29e4ae234 → 200 (13ms, 291B)
[2026-06-20T01:17:08.005Z] GET https://challenges.cloudflare.com/cdn-cgi/challenge-platform/h/g/turnstile/f/ov2/av0/rch/8f46c/0x4AAAAAAADnPIDROrmt1Wwj/light/fbE/new/normal?lang=auto → pending (?ms, ?B)
[2026-06-20T01:17:38.256Z] GET https://challenges.cloudflare.com/cdn-cgi/challenge-platform/h/g/cmg/1 → pending (?ms, ?B)
[2026-06-20T01:17:39.089Z] GET blob:https://challenges.cloudflare.com/6e7c4158-5274-4585-a579-f285f2f39037 → pending (?ms, ?B)
[2026-06-20T01:17:39.259Z] POST https://challenges.cloudflare.com/cdn-cgi/challenge-platform/h/g/flow/ov1/1414653002:1781917230:ku3iJOMIOktkiX37Rw3XKulWGipBAQ3OrNoGn-d2JmQ/a0e6ef5a6ce334bd/kAho.sv9z0jK2Vx94O0mIRNeSoxCIh2WAASGVeluH00-1781918258-1.2.1.1-O8uCV8JUGYyR2xT4mznmHrOiTArpyW2S8W0IUg.mBV7l7hCzEFDudh66elfdOITR → pending (?ms, ?B)
[2026-06-20T01:17:41.071Z] GET blob:https://challenges.cloudflare.com/fbd620e6-1add-419c-be8e-5553b417cf28 → 200 (69ms, 291B)
[2026-06-20T01:17:41.458Z] GET https://challenges.cloudflare.com/cdn-cgi/challenge-platform/h/g/d/a0e6ef5a6ce334bd/1781918259551/fvFCmeBD0MYvKh- → pending (?ms, ?B)
[2026-06-20T01:17:41.725Z] GET blob:https://challenges.cloudflare.com/fbd620e6-1add-419c-be8e-5553b417cf28 → 200 (8ms, 291B)
[2026-06-20T01:17:41.994Z] GET https://challenges.cloudflare.com/cdn-cgi/challenge-platform/h/g/pat/a0e6ef5a6ce334bd/1781918259552/695681e84d00dbb24192cb85caefd5ec8a7913bf9c22925e003d5109e9e72fec/Sshd03AaMkfj4rP → 401 (244ms, 1B)
[2026-06-20T01:17:42.337Z] POST https://challenges.cloudflare.com/cdn-cgi/challenge-platform/h/g/flow/ov1/1414653002:1781917230:ku3iJOMIOktkiX37Rw3XKulWGipBAQ3OrNoGn-d2JmQ/a0e6ef5a6ce334bd/kAho.sv9z0jK2Vx94O0mIRNeSoxCIh2WAASGVeluH00-1781918258-1.2.1.1-O8uCV8JUGYyR2xT4mznmHrOiTArpyW2S8W0IUg.mBV7l7hCzEFDudh66elfdOITR → pending (?ms, ?B)
[2026-06-20T01:17:42.907Z] GET blob:https://challenges.cloudflare.com/539d0b0b-bdaf-4524-9889-994d91f06f21 → 200 (7ms, 291B)
[2026-06-20T01:19:42.949Z] POST https://cell.com/cdn-cgi/challenge-platform/h/g/flow/ov1/197163673:1781917229:fXog3gn4ibYv3LB43Ym0cnI17zLqjBG2_01SFmEoIMc/a0e6ee964802dbff/cz.i32YqtFMuvl70opZ_5bHSpemRV1pfZLnu5HPjdjo-1781918226-1.2.1.1-3Y.rjeHwOaQKatEL79ha2NqI8eZbeb4qhG_x5xzing0ntAmNJexJxoao81IZaE4p → 400 (603ms, 121B)
[2026-06-20T01:19:43.559Z] POST https://cell.com/cdn-cgi/challenge-platform/h/g/b/ov1/197163673:1781917229:fXog3gn4ibYv3LB43Ym0cnI17zLqjBG2_01SFmEoIMc/a0e6ee964802dbff/cz.i32YqtFMuvl70opZ_5bHSpemRV1pfZLnu5HPjdjo-1781918226-1.2.1.1-3Y.rjeHwOaQKatEL79ha2NqI8eZbeb4qhG_x5xzing0ntAmNJexJxoao81IZaE4p/managed → pending (?ms, ?B)
[2026-06-20T01:20:15.560Z] GET https://cell.com/cell-reports/retrieve/pii/S221112472600639X?_returnURL=https%3A%2F%2Flinkinghub.elsevier.com%2Fretrieve%2Fpii%2FS221112472600639X%3Fshowall%3Dtrue → pending (?ms, ?B)
[2026-06-20T01:20:15.765Z] GET https://cell.com/cdn-cgi/challenge-platform/h/g/orchestrate/chl_page/v1?ray=a0e6f33328f1dbff → 200 (675ms, 221926B)
[2026-06-20T01:20:16.447Z] GET blob:https://cell.com/f458d970-f8c9-495a-892a-fb01173ff181 → pending (?ms, ?B)
[2026-06-20T01:20:16.466Z] GET https://challenges.cloudflare.com/turnstile/v0/g/f95a7f38c08f/api.js?onload=NsqWi3&render=explicit → 200 (1ms, 67081B)
[2026-06-20T01:20:16.606Z] POST https://cell.com/cdn-cgi/challenge-platform/h/g/flow/ov1/197163673:1781917229:fXog3gn4ibYv3LB43Ym0cnI17zLqjBG2_01SFmEoIMc/a0e6f33328f1dbff/r9.jzopptP3QozykBMPtvaSUeWbRFgBQEeHbPZb_boY-1781918415-1.2.1.1-LIzc4HrTGJE0SK6GKM8Od7yByXw5tKMZ2Kmq0M1.nX6a1YAJMmU2r__5VIeyAaEI → pending (?ms, ?B)
[2026-06-20T01:20:16.790Z] GET blob:https://cell.com/07ed81f0-abf7-4c82-95b2-c7913aa3f51e → 200 (12ms, 291B)
[2026-06-20T01:20:16.796Z] GET https://challenges.cloudflare.com/cdn-cgi/challenge-platform/h/g/turnstile/f/ov2/av0/rch/ebgde/0x4AAAAAAADnPIDROrmt1Wwj/light/fbE/new/normal?lang=auto → pending (?ms, ?B)
[2026-06-20T01:20:47.012Z] GET https://challenges.cloudflare.com/cdn-cgi/challenge-platform/h/g/cmg/1 → 200 (524ms, 86B)
[2026-06-20T01:20:47.550Z] GET blob:https://challenges.cloudflare.com/e20d940e-1e7e-412f-a26d-2a187fdeaa48 → pending (?ms, ?B)
[2026-06-20T01:20:47.709Z] POST https://challenges.cloudflare.com/cdn-cgi/challenge-platform/h/g/flow/ov1/1414653002:1781917230:ku3iJOMIOktkiX37Rw3XKulWGipBAQ3OrNoGn-d2JmQ/a0e6f3f66dd2f591/6g3xsKdWJwXmI9dR2iHDvHPMlJZ8hKqgMC1SpqvsA3k-1781918447-1.2.1.1-X3GPB8goImDQf.HhTsrs8TbNwmeGK5sFXlKjEmOwUvXqnpTYum_r7azv1oSOxuK1 → 200 (288ms, ?B)
[2026-06-20T01:20:48.620Z] GET blob:https://challenges.cloudflare.com/774bbf17-dfe6-4c22-96d9-a9a24f34cc68 → pending (?ms, ?B)
[2026-06-20T01:20:48.895Z] GET https://challenges.cloudflare.com/cdn-cgi/challenge-platform/h/g/d/a0e6f3f66dd2f591/1781918448015/DAlH0AZoRW5RNXK → 200 (193ms, 7568B)
[2026-06-20T01:20:49.152Z] GET blob:https://challenges.cloudflare.com/774bbf17-dfe6-4c22-96d9-a9a24f34cc68 → 200 (8ms, 291B)
[2026-06-20T01:20:49.430Z] GET https://challenges.cloudflare.com/cdn-cgi/challenge-platform/h/g/pat/a0e6f3f66dd2f591/1781918448016/bc1b6f09fefdd3613cf35e030b7040a8e6527845249948ed174e4d3d0f75cdb5/ie1LIl8bvpzUkXv → 401 (175ms, ?B)
[2026-06-20T01:20:49.834Z] POST https://challenges.cloudflare.com/cdn-cgi/challenge-platform/h/g/flow/ov1/1414653002:1781917230:ku3iJOMIOktkiX37Rw3XKulWGipBAQ3OrNoGn-d2JmQ/a0e6f3f66dd2f591/6g3xsKdWJwXmI9dR2iHDvHPMlJZ8hKqgMC1SpqvsA3k-1781918447-1.2.1.1-X3GPB8goImDQf.HhTsrs8TbNwmeGK5sFXlKjEmOwUvXqnpTYum_r7azv1oSOxuK1 → 200 (456ms, 33688B)
[2026-06-20T01:20:50.297Z] GET blob:https://challenges.cloudflare.com/ca292c71-5d7c-4b68-ade5-e455ac5c35ab → 200 (7ms, 291B)
[2026-06-20T01:22:50.333Z] POST https://cell.com/cdn-cgi/challenge-platform/h/g/flow/ov1/197163673:1781917229:fXog3gn4ibYv3LB43Ym0cnI17zLqjBG2_01SFmEoIMc/a0e6f33328f1dbff/r9.jzopptP3QozykBMPtvaSUeWbRFgBQEeHbPZb_boY-1781918415-1.2.1.1-LIzc4HrTGJE0SK6GKM8Od7yByXw5tKMZ2Kmq0M1.nX6a1YAJMmU2r__5VIeyAaEI → 400 (182ms, 121B)
[2026-06-20T01:22:50.521Z] POST https://cell.com/cdn-cgi/challenge-platform/h/g/b/ov1/197163673:1781917229:fXog3gn4ibYv3LB43Ym0cnI17zLqjBG2_01SFmEoIMc/a0e6f33328f1dbff/r9.jzopptP3QozykBMPtvaSUeWbRFgBQEeHbPZb_boY-1781918415-1.2.1.1-LIzc4HrTGJE0SK6GKM8Od7yByXw5tKMZ2Kmq0M1.nX6a1YAJMmU2r__5VIeyAaEI/managed → 200 (161ms, 2B)
[2026-06-20T01:23:22.524Z] GET https://cell.com/cell-reports/retrieve/pii/S221112472600639X?_returnURL=https%3A%2F%2Flinkinghub.elsevier.com%2Fretrieve%2Fpii%2FS221112472600639X%3Fshowall%3Dtrue → 403 (185ms, 6961B)
[2026-06-20T01:23:22.718Z] GET https://cell.com/cdn-cgi/challenge-platform/h/g/orchestrate/chl_page/v1?ray=a0e6f7c3b966dbff → pending (?ms, ?B)
[2026-06-20T01:23:23.388Z] GET blob:https://cell.com/3cb952e5-6d99-441b-aeeb-5ba3b3956909 → pending (?ms, ?B)
[2026-06-20T01:23:23.430Z] GET https://challenges.cloudflare.com/turnstile/v0/g/f95a7f38c08f/api.js?onload=NsqWi3&render=explicit → 200 (?ms, 67081B)
[2026-06-20T01:23:23.549Z] POST https://cell.com/cdn-cgi/challenge-platform/h/g/flow/ov1/197163673:1781917229:fXog3gn4ibYv3LB43Ym0cnI17zLqjBG2_01SFmEoIMc/a0e6f7c3b966dbff/ADKuP8q74QpVRHCBJMf3LwJel0PDzgYwkN3egWK.PWU-1781918602-1.2.1.1-wc2P.GmEQSqszDT7ntkz1uwkYAI9MsaDLBeCtvvaTU.rLFcrIlp_VW3TBbFfFG8i → pending (?ms, ?B)
[2026-06-20T01:23:23.990Z] GET blob:https://cell.com/8e12d1a1-14cc-49ff-9c6a-337edd3802c2 → 200 (10ms, 291B)
[2026-06-20T01:23:23.999Z] GET https://challenges.cloudflare.com/cdn-cgi/challenge-platform/h/g/turnstile/f/ov2/av0/rch/e6x5i/0x4AAAAAAADnPIDROrmt1Wwj/light/fbE/new/normal?lang=auto → pending (?ms, ?B)
[2026-06-20T01:23:54.189Z] GET https://challenges.cloudflare.com/cdn-cgi/challenge-platform/h/g/cmg/1 → 200 (507ms, 86B)
[2026-06-20T01:23:54.733Z] GET blob:https://challenges.cloudflare.com/bb07ffa5-b8cf-4e83-82dd-9abf4b6d682e → pending (?ms, ?B)
[2026-06-20T01:23:54.893Z] POST https://challenges.cloudflare.com/cdn-cgi/challenge-platform/h/g/flow/ov1/1414653002:1781917230:ku3iJOMIOktkiX37Rw3XKulWGipBAQ3OrNoGn-d2JmQ/a0e6f8885d8707e8/qH2o6orlMXSrB_P3sqz1BRR66jCDsn0MZ6tKDsbiIew-1781918634-1.2.1.1-At2hkP32U2XEEkXVT9SwHcGZEUXdzJxBtQTao4XA2T5Wux4iXpntcT480tJrxc.S → 200 (290ms, ?B)
[2026-06-20T01:23:56.281Z] GET blob:https://challenges.cloudflare.com/ae3c5763-dab2-43ed-870a-04f55f63efff → 200 (11ms, 291B)
[2026-06-20T01:23:56.831Z] GET blob:https://challenges.cloudflare.com/ae3c5763-dab2-43ed-870a-04f55f63efff → 200 (24ms, 291B)
[2026-06-20T01:23:57.088Z] GET https://challenges.cloudflare.com/cdn-cgi/challenge-platform/h/g/pat/a0e6f8885d8707e8/1781918635201/f5d900957a309d597b81bb4c44e95182b577ff76fc23cfc5464f4f7e6c4a7982/Kb_DWI5pIy-_nx0 → 401 (179ms, 1B)
[2026-06-20T01:23:57.274Z] GET https://challenges.cloudflare.com/cdn-cgi/challenge-platform/h/g/d/a0e6f8885d8707e8/1781918635201/4_6cr9mM55JII-3 → 200 (184ms, 2127B)
[2026-06-20T01:23:57.536Z] POST https://challenges.cloudflare.com/cdn-cgi/challenge-platform/h/g/flow/ov1/1414653002:1781917230:ku3iJOMIOktkiX37Rw3XKulWGipBAQ3OrNoGn-d2JmQ/a0e6f8885d8707e8/qH2o6orlMXSrB_P3sqz1BRR66jCDsn0MZ6tKDsbiIew-1781918634-1.2.1.1-At2hkP32U2XEEkXVT9SwHcGZEUXdzJxBtQTao4XA2T5Wux4iXpntcT480tJrxc.S → pending (?ms, ?B)
[2026-06-20T01:23:58.324Z] GET blob:https://challenges.cloudflare.com/7187b04a-90c1-4b6c-bb61-2fc445538377 → 200 (6ms, 291B)
[2026-06-20T01:25:58.373Z] POST https://cell.com/cdn-cgi/challenge-platform/h/g/flow/ov1/197163673:1781917229:fXog3gn4ibYv3LB43Ym0cnI17zLqjBG2_01SFmEoIMc/a0e6f7c3b966dbff/ADKuP8q74QpVRHCBJMf3LwJel0PDzgYwkN3egWK.PWU-1781918602-1.2.1.1-wc2P.GmEQSqszDT7ntkz1uwkYAI9MsaDLBeCtvvaTU.rLFcrIlp_VW3TBbFfFG8i → 400 (205ms, 121B)
[2026-06-20T01:25:58.583Z] POST https://cell.com/cdn-cgi/challenge-platform/h/g/b/ov1/197163673:1781917229:fXog3gn4ibYv3LB43Ym0cnI17zLqjBG2_01SFmEoIMc/a0e6f7c3b966dbff/ADKuP8q74QpVRHCBJMf3LwJel0PDzgYwkN3egWK.PWU-1781918602-1.2.1.1-wc2P.GmEQSqszDT7ntkz1uwkYAI9MsaDLBeCtvvaTU.rLFcrIlp_VW3TBbFfFG8i/managed → 200 (187ms, 2B)
[2026-06-20T01:26:30.583Z] GET https://cell.com/cell-reports/retrieve/pii/S221112472600639X?_returnURL=https%3A%2F%2Flinkinghub.elsevier.com%2Fretrieve%2Fpii%2FS221112472600639X%3Fshowall%3Dtrue → 403 (194ms, 6940B)
[2026-06-20T01:26:30.784Z] GET https://cell.com/cdn-cgi/challenge-platform/h/g/orchestrate/chl_page/v1?ray=a0e6fc5b0f0fdbff → pending (?ms, ?B)
[2026-06-20T01:26:31.345Z] GET blob:https://cell.com/19bdfeca-2313-46ab-8aa6-6099762ff75c → pending (?ms, ?B)
[2026-06-20T01:26:31.363Z] GET https://challenges.cloudflare.com/turnstile/v0/g/f95a7f38c08f/api.js?onload=NsqWi3&render=explicit → 200 (?ms, 67081B)
[2026-06-20T01:26:31.502Z] POST https://cell.com/cdn-cgi/challenge-platform/h/g/flow/ov1/197163673:1781917229:fXog3gn4ibYv3LB43Ym0cnI17zLqjBG2_01SFmEoIMc/a0e6fc5b0f0fdbff/B7AA4QSmHTi_mXLuW1.303WP2dJiXT4ia4y6.1bHqkc-1781918790-1.2.1.1-KTtt.Ak3CCyCr44TmTsSNXofpGeEIvsBiWQl0jjRBSE7Tl3cD66Xf4Q20qj2nLRX → 200 (206ms, 18608B)
[2026-06-20T01:26:31.716Z] GET blob:https://cell.com/7a46faba-fe20-4356-a3bd-4e6a1d20e5e3 → 200 (10ms, 291B)
[2026-06-20T01:26:31.722Z] GET https://challenges.cloudflare.com/cdn-cgi/challenge-platform/h/g/turnstile/f/ov2/av0/rch/9husp/0x4AAAAAAADnPIDROrmt1Wwj/light/fbE/new/normal?lang=auto → pending (?ms, ?B)
[2026-06-20T01:26:31.920Z] GET https://challenges.cloudflare.com/cdn-cgi/challenge-platform/h/g/cmg/1 → 200 (579ms, 86B)
[2026-06-20T01:26:32.519Z] GET blob:https://challenges.cloudflare.com/5f3777b3-28d5-4aee-bb82-b4b846a58233 → pending (?ms, ?B)
[2026-06-20T01:26:32.693Z] POST https://challenges.cloudflare.com/cdn-cgi/challenge-platform/h/g/flow/ov1/1414653002:1781917230:ku3iJOMIOktkiX37Rw3XKulWGipBAQ3OrNoGn-d2JmQ/a0e6fc621d3de0ce/S7cDSwBSG.lcMXxgngXAguk6D_52fnK0iwUmGzTU4JQ-1781918792-1.2.1.1-TlcVPBE1kBMTwTlCby1ntcsjPR2F._ACPx0pwcZ6JJ7M7vQ7jARUlYeIM6FFV53N → pending (?ms, ?B)
[2026-06-20T01:26:33.926Z] GET blob:https://challenges.cloudflare.com/cfbdeaa1-0d2b-441e-8476-9a231d63a446 → 200 (64ms, 291B)
[2026-06-20T01:26:34.209Z] GET https://challenges.cloudflare.com/cdn-cgi/challenge-platform/h/g/d/a0e6fc621d3de0ce/1781918792984/vwSx6sr_vvT6yua → 200 (190ms, 280B)
[2026-06-20T01:26:34.591Z] GET blob:https://challenges.cloudflare.com/cfbdeaa1-0d2b-441e-8476-9a231d63a446 → 200 (7ms, 291B)
[2026-06-20T01:26:34.799Z] GET https://challenges.cloudflare.com/cdn-cgi/challenge-platform/h/g/pat/a0e6fc621d3de0ce/1781918792984/b469eca474db5a7648e9a6e6008fb906d36d7f4a765ae56a4e9b6546cadde950/csifPS0kgSRapQW → pending (?ms, ?B)
[2026-06-20T01:26:35.232Z] POST https://challenges.cloudflare.com/cdn-cgi/challenge-platform/h/g/flow/ov1/1414653002:1781917230:ku3iJOMIOktkiX37Rw3XKulWGipBAQ3OrNoGn-d2JmQ/a0e6fc621d3de0ce/S7cDSwBSG.lcMXxgngXAguk6D_52fnK0iwUmGzTU4JQ-1781918792-1.2.1.1-TlcVPBE1kBMTwTlCby1ntcsjPR2F._ACPx0pwcZ6JJ7M7vQ7jARUlYeIM6FFV53N → pending (?ms, ?B)
[2026-06-20T01:26:35.866Z] GET blob:https://challenges.cloudflare.com/8f27800b-f17a-4e1e-843e-7b0366d63e61 → 200 (7ms, 291B)
