========================================
[2026-07-01 07:00:00] 开始自动更新
========================================
[07:00:00] 抓取PubMed论文...
/Users/nnn_nice/Library/Python/3.9/lib/python/site-packages/urllib3/__init__.py:35: NotOpenSSLWarning: urllib3 v2 only supports OpenSSL 1.1.1+, currently the 'ssl' module is compiled with 'LibreSSL 2.8.3'. See: https://github.com/urllib3/urllib3/issues/3020
  warnings.warn(
[07:00:00] 开始抓取PubMed数据...

[gene_editing] 搜索中...
  找到 30 篇
  找到 30 篇
  找到 4 篇

[cell_therapy] 搜索中...
  找到 30 篇
  找到 30 篇
  找到 30 篇

[adc] 搜索中...
  找到 30 篇
  找到 15 篇

[glp1] 搜索中...
  找到 30 篇
  找到 30 篇

[io] 搜索中...
  找到 30 篇
  找到 10 篇

[重点公司] 搜索中...
  找到 20 篇公司相关

数据已保存到: /Users/nnn_nice/scripts/biotech-monitor/scripts/../data/daily/2026-07-01.json

完成!
[07:00:52] PubMed抓取完成, 退出码: 0
[07:00:52] 抓取BD新闻...
/Users/nnn_nice/Library/Python/3.9/lib/python/site-packages/urllib3/__init__.py:35: NotOpenSSLWarning: urllib3 v2 only supports OpenSSL 1.1.1+, currently the 'ssl' module is compiled with 'LibreSSL 2.8.3'. See: https://github.com/urllib3/urllib3/issues/3020
  warnings.warn(
[07:00:53] 开始抓取新闻...
  [endpoints] 抓取RSS...
    获取 24 条
  [biospace] 抓取RSS...
    错误: 404 Client Error: Not Found for url: https://www.biospace.com/rss/news/
  [statnews] 抓取RSS...
    获取 20 条

总共获取 44 条原始新闻
过滤后 16 条相关

数据已保存: /Users/nnn_nice/scripts/biotech-monitor/scripts/../data/daily/news_2026-07-01.json

统计:
  BD交易: 7
  临床进展: 5
  监管动态: 0

完成!
[07:01:00] BD新闻抓取完成, 退出码: 0
[07:01:00] 合并数据...
[2026-07-01 07:01:00] 合并数据...
数据已保存到: /Users/nnn_nice/scripts/biotech-monitor/scripts/../data/daily

数据统计:
  今日重点 - 交易: 8
  今日重点 - 临床: 6
  文献 - gene_editing: 66
  文献 - cell_therapy: 96
  文献 - adc: 46
  文献 - glp1: 60
  文献 - io: 66
  公司: 15 国际 + 9 国内
  财报: 0

完成!
[07:01:00] 数据合并完成, 退出码: 0
[07:01:00] 递送系统专题扫描...
/Users/nnn_nice/Library/Python/3.9/lib/python/site-packages/urllib3/__init__.py:35: NotOpenSSLWarning: urllib3 v2 only supports OpenSSL 1.1.1+, currently the 'ssl' module is compiled with 'LibreSSL 2.8.3'. See: https://github.com/urllib3/urllib3/issues/3020
  warnings.warn(
============================================================
LNP / 体内递送系统专门扫描
============================================================
时间: 2026-07-01 07:01

[lipid nanoparticle] 搜索: lipid nanoparticle mRNA delivery...
  找到 PMID: 15

[lipid nanoparticle] 搜索: lipid nanoparticle gene therapy...
  找到 PMID: 9

[lipid nanoparticle] 搜索: LNP in vivo CRISPR...
  找到 PMID: 1

[aav] 搜索: AAV gene therapy clinical...
  找到 PMID: 15

[aav] 搜索: adeno-associated virus vector 2026...
  找到 PMID: 15

[aav] 搜索: AAV manufacturing production...
  找到 PMID: 3

[exosome] 搜索: exosome drug delivery...
  找到 PMID: 15

[vlp] 搜索: virus-like particle VLP therapeutic...
  找到 PMID: 5

[nanoparticle] 搜索: nanoparticle targeted delivery gene...
  找到 PMID: 15

[electroporation] 搜索: electroporation in vivo CRISPR...
  找到 PMID: 0

[in_vivo] 搜索: gene therapy in vivo delivery 2026...
  找到 PMID: 15

[crispr_delivery] 搜索: CRISPR delivery therapeutic...
  找到 PMID: 15

============================================================
📊 递送类型分布
============================================================
  NANOPARTICLE: 42 篇
  OTHER: 27 篇
  LNP: 25 篇
  AAV: 23 篇
  EXOSOME: 16 篇
  VLP: 5 篇
  LENTIVIRUS: 2 篇
  ELECTROPORATION: 1 篇

============================================================
📚 找到 104 篇相关文章（展示前15）
============================================================

1. PMID:42375475 [aav]
   It's what's on the inside that counts: Capsid content as a critical quality attr
   Molecular therapy. Advances | 2026 Sep 10

2. PMID:42377628 [aav]
   Advances in neural organoids: structural organization, disease modeling, and app
   Molecular biology reports | 2026 Jun 30

3. PMID:42378058 [nanoparticle]
   Discovery and therapeutic delivery of microRNAs targeting deregulated glioblasto
   The Journal of clinical investigation | 2026 Jun 30

4. PMID:42348617 [nanoparticle]
   HDAC inhibition sensitizes pancreatic tumors to DNA damage by global redistribut
   Proceedings of the National Academy of Sciences of the United States of America | 2026 Jun 30

5. PMID:42373925 [lnp,nanoparticle]
   Whole-Body Pharmacokinetics of Ionizable Lipid, mRNA, and the Expressed Antibody
   The AAPS journal | 2026 Jun 29

6. PMID:42371804 [aav]
   One-stage Assay Factor VIII Activity Reflects AAV-Derived Factor VIII-Enhanced T
   Blood | 2026 Jun 29

7. PMID:42373902 [aav]
   Cardiomyocyte lamin A re-expression via AAV-Lmna/DJ8 ameliorates cardiac dysfunc
   Scientific reports | 2026 Jun 29

8. PMID:42370412 [other]
   TNFR2 overexpression ameliorates allergic airway inflammation and restores immun
   The Journal of asthma : official journal of the Association for the Care of Asthma | 2026 Jun 29

9. PMID:42371791 [other]
   Biodegradable Acoustic Targeting for Ultrasound-Supported Gene Therapy (BATUS) i
   Advanced science (Weinheim, Baden-Wurttemberg, Germany) | 2026 Jun 29

10. PMID:42371300 [other]
   Decoy oligonucleotide technology in cancer therapy: molecular mechanisms, challe
   Medical oncology (Northwood, London, England) | 2026 Jun 29

11. PMID:42366405 [other]
   Aptamer-functionalized tetrahedral framework nucleic acid delivery of siBhlhe22 
   Journal of nanobiotechnology | 2026 Jun 29

12. PMID:42374407 [other]
   Engineered iMSCs delivering wild-type IL-2 achieve dose-sparing tumor control vi
   BMC medicine | 2026 Jun 29

13. PMID:41912135 [lnp,nanoparticle]
   HOX code-based stratification reveals RUNX1T1-HDAC reprogramming as a targetable
   Cancer letters | 2026 Jun 28

14. PMID:42366709 [other]
   Nanocarrier-Based Gene Delivery Systems: Mechanisms, Clinical Translation, and F
   Biotechnology and bioengineering | 2026 Jun 28

15. PMID:42373735 [aav]
   Recent advancements in improving cross-species applicability of bioengineered AA
   Gene therapy | 2026 Jun 27

已保存: /Users/nnn_nice/scripts/biotech-monitor/data/daily/delivery_papers_20260701.json
[07:01:49] 递送扫描完成
[07:01:49] 预生成 AI 分析...
/Users/nnn_nice/Library/Python/3.9/lib/python/site-packages/urllib3/__init__.py:35: NotOpenSSLWarning: urllib3 v2 only supports OpenSSL 1.1.1+, currently the 'ssl' module is compiled with 'LibreSSL 2.8.3'. See: https://github.com/urllib3/urllib3/issues/3020
  warnings.warn(
需要分析的项目: 22
已有缓存: 94
[1/22] paper_42378669...
  ✓ 成功 (90 字)
[2/22] paper_42378656...
  ✓ 成功 (718 字)
[3/22] paper_42378111...
  ✓ 成功 (1377 字)
[4/22] paper_42378669...
  ✓ 成功 (1458 字)
[5/22] paper_42374981...
  ✓ 成功 (1059 字)
[6/22] paper_42377628...
  ✓ 成功 (899 字)
[7/22] paper_42378036...
  ✓ 成功 (531 字)
[8/22] paper_42378640...
  ✓ 成功 (852 字)
[9/22] paper_42377815...
  ✓ 成功 (390 字)
[10/22] paper_42378068...
  ✓ 成功 (1008 字)
  [已保存进度]
[11/22] paper_42378330...
  ✓ 成功 (1118 字)
[12/22] paper_42377486...
  ✓ 成功 (979 字)
[13/22] paper_42378032...
  ✓ 成功 (955 字)
[14/22] paper_42377714...
  ✓ 成功 (389 字)
[15/22] paper_42374019...
  ✓ 成功 (890 字)
[16/22] deal_BeOne’s Brukinsa succeeds in frontline mantle cell lymp...
  ✓ 成功 (770 字)
[17/22] deal_STAT+: The loophole in Trump’s obesity drug deal with E...
  ✓ 成功 (744 字)
[18/22] deal_Ipsen to buy blood cancer company Kartos Therapeutics f...
  ✓ 成功 (991 字)
[19/22] clinical_Abivax aims to set cancer concerns with ulcerative ...
  ✓ 成功 (956 字)
[20/22] clinical_Sanofi’s Lumizyme successor passes Phase 3 test in ...
  ✓ 成功 (1285 字)
  [已保存进度]
[21/22] clinical_BeOne’s Brukinsa succeeds in frontline mantle cell ...
  ✓ 成功 (831 字)
[22/22] clinical_House China panel probes Bristol Myers, Pfizer on u...
  ✓ 成功 (1021 字)

完成: 成功 22, 失败 0
缓存总数: 114
已保存到: /Users/nnn_nice/scripts/biotech-monitor/scripts/../data/daily/analysis_cache.json
[07:08:15] AI 预生成完成
[07:08:15] 提交到Git...
[main 7b0a35b] Auto update: 2026-07-01 07:08
 Committer: nnn_nice <nnn_nice@nnn-nicedeMacBook-Pro.local>
Your name and email address were configured automatically based
on your username and hostname. Please check that they are accurate.
You can suppress this message by setting them explicitly:

    git config --global user.name "Your Name"
    git config --global user.email you@example.com

After doing this, you may fix the identity used for this commit with:

    git commit --amend --reset-author

 7 files changed, 15268 insertions(+), 4276 deletions(-)
 create mode 100644 data/daily/2026-07-01.json
 create mode 100644 data/daily/delivery_papers_20260701.json
 create mode 100644 data/daily/news_2026-07-01.json
[07:08:15] 推送到GitHub...
fatal: could not read Username for 'https://github.com': Device not configured
[07:08:16] 推送失败,将稍后重试
[07:08:16] 自动更新完成

