========================================
[2026-07-08 07:00:01] 开始自动更新
========================================
[07:00:01] 抓取PubMed论文...
/Users/nnn_nice/Library/Python/3.9/lib/python/site-packages/urllib3/__init__.py:35: NotOpenSSLWarning: urllib3 v2 only supports OpenSSL 1.1.1+, currently the 'ssl' module is compiled with 'LibreSSL 2.8.3'. See: https://github.com/urllib3/urllib3/issues/3020
  warnings.warn(
[07:00:01] 开始抓取PubMed数据...

[gene_editing] 搜索中...
Fetch error: HTTPSConnectionPool(host='eutils.ncbi.nlm.nih.gov', port=443): Max retries exceeded with url: /entrez/eutils/efetch.fcgi?db=pubmed&id=42412324%2C42412303%2C42412254%2C42411866%2C42411605%2C42411453%2C42411270%2C42411162%2C42411072%2C42410650%2C42410413%2C42410265%2C42410217%2C42409995%2C42409798%2C42409605%2C42409361%2C42409192%2C42409165%2C42407157%2C42406963%2C42406843%2C42406312%2C42405965%2C42405957%2C42405794%2C42405767%2C42405753%2C42405498%2C42405454&retmode=xml&rettype=abstract (Caused by SSLError(SSLEOFError(8, 'EOF occurred in violation of protocol (_ssl.c:1129)')))
  找到 0 篇
  找到 30 篇
  找到 11 篇

[cell_therapy] 搜索中...
Search error: HTTPSConnectionPool(host='eutils.ncbi.nlm.nih.gov', port=443): Max retries exceeded with url: /entrez/eutils/esearch.fcgi?db=pubmed&term=CAR-T%5BTitle%2FAbstract%5D+OR+cell+therapy%5BTitle%2FAbstract%5D&reldate=7&datetype=pdat&retmax=30&retmode=json&sort=date (Caused by SSLError(SSLEOFError(8, 'EOF occurred in violation of protocol (_ssl.c:1129)')))
  找到 30 篇
Search error: HTTPSConnectionPool(host='eutils.ncbi.nlm.nih.gov', port=443): Max retries exceeded with url: /entrez/eutils/esearch.fcgi?db=pubmed&term=TCR-T%5BTitle%2FAbstract%5D+OR+NK+cell%5BTitle%2FAbstract%5D&reldate=7&datetype=pdat&retmax=30&retmode=json&sort=date (Caused by SSLError(SSLEOFError(8, 'EOF occurred in violation of protocol (_ssl.c:1129)')))

[adc] 搜索中...
  找到 30 篇
  找到 30 篇

[glp1] 搜索中...
Fetch error: HTTPSConnectionPool(host='eutils.ncbi.nlm.nih.gov', port=443): Max retries exceeded with url: /entrez/eutils/efetch.fcgi?db=pubmed&id=42412371%2C42412011%2C42411413%2C42410329%2C42410323%2C42410316%2C42410311%2C42410309%2C42410302%2C42410300%2C42410298%2C42410087%2C42410064%2C42406865%2C42406681%2C42406378%2C42405847%2C42405390%2C42405364%2C42404804%2C42404678%2C42404143%2C42403918%2C42403263%2C42403198%2C42402644%2C42402343%2C42401898%2C42401896%2C42401514&retmode=xml&rettype=abstract (Caused by SSLError(SSLEOFError(8, 'EOF occurred in violation of protocol (_ssl.c:1129)')))
  找到 0 篇
  找到 30 篇

[io] 搜索中...
Fetch error: HTTPSConnectionPool(host='eutils.ncbi.nlm.nih.gov', port=443): Max retries exceeded with url: /entrez/eutils/efetch.fcgi?db=pubmed&id=42412320%2C42412171%2C42412054%2C42411583%2C42411443%2C42411422%2C42411128%2C42411045%2C42410894%2C42410563%2C42410390%2C42410247%2C42410242%2C42409786%2C42409767%2C42409426%2C42409272%2C42409257%2C42407345%2C42407326%2C42406420%2C42406230%2C42406187%2C42405849%2C42405685%2C42405669%2C42405423%2C42405409%2C42405254%2C42403504&retmode=xml&rettype=abstract (Caused by SSLError(SSLEOFError(8, 'EOF occurred in violation of protocol (_ssl.c:1129)')))
  找到 0 篇
  找到 21 篇

[重点公司] 搜索中...
Search error: HTTPSConnectionPool(host='eutils.ncbi.nlm.nih.gov', port=443): Max retries exceeded with url: /entrez/eutils/esearch.fcgi?db=pubmed&term=Beam%5BTitle%2FAbstract%5D&reldate=14&datetype=pdat&retmax=5&retmode=json&sort=date (Caused by SSLError(SSLEOFError(8, 'EOF occurred in violation of protocol (_ssl.c:1129)')))
Search error: HTTPSConnectionPool(host='eutils.ncbi.nlm.nih.gov', port=443): Max retries exceeded with url: /entrez/eutils/esearch.fcgi?db=pubmed&term=Verve%5BTitle%2FAbstract%5D&reldate=14&datetype=pdat&retmax=5&retmode=json&sort=date (Caused by SSLError(SSLEOFError(8, 'EOF occurred in violation of protocol (_ssl.c:1129)')))
Search error: HTTPSConnectionPool(host='eutils.ncbi.nlm.nih.gov', port=443): Max retries exceeded with url: /entrez/eutils/esearch.fcgi?db=pubmed&term=Intellia%5BTitle%2FAbstract%5D&reldate=14&datetype=pdat&retmax=5&retmode=json&sort=date (Caused by SSLError(SSLEOFError(8, 'EOF occurred in violation of protocol (_ssl.c:1129)')))
Search error: HTTPSConnectionPool(host='eutils.ncbi.nlm.nih.gov', port=443): Max retries exceeded with url: /entrez/eutils/esearch.fcgi?db=pubmed&term=Prime+Medicine%5BTitle%2FAbstract%5D&reldate=14&datetype=pdat&retmax=5&retmode=json&sort=date (Caused by SSLError(SSLEOFError(8, 'EOF occurred in violation of protocol (_ssl.c:1129)')))
  找到 14 篇公司相关

数据已保存到: /Users/nnn_nice/scripts/biotech-monitor/scripts/../data/daily/2026-07-08.json

完成!
[07:02:50] PubMed抓取完成, 退出码: 0
[07:02:50] 抓取BD新闻...
/Users/nnn_nice/Library/Python/3.9/lib/python/site-packages/urllib3/__init__.py:35: NotOpenSSLWarning: urllib3 v2 only supports OpenSSL 1.1.1+, currently the 'ssl' module is compiled with 'LibreSSL 2.8.3'. See: https://github.com/urllib3/urllib3/issues/3020
  warnings.warn(
[07:02:50] 开始抓取新闻...
  [endpoints] 抓取RSS...
    获取 24 条
  [biospace] 抓取RSS...
    错误: 404 Client Error: Not Found for url: https://www.biospace.com/rss/news/
  [statnews] 抓取RSS...
    获取 20 条

总共获取 44 条原始新闻
过滤后 20 条相关

数据已保存: /Users/nnn_nice/scripts/biotech-monitor/scripts/../data/daily/news_2026-07-08.json

统计:
  BD交易: 11
  临床进展: 1
  监管动态: 0

完成!
[07:03:17] BD新闻抓取完成, 退出码: 0
[07:03:17] 合并数据...
[2026-07-08 07:03:18] 合并数据...
数据已保存到: /Users/nnn_nice/scripts/biotech-monitor/scripts/../data/daily

数据统计:
  今日重点 - 交易: 10
  今日重点 - 临床: 2
  文献 - gene_editing: 42
  文献 - cell_therapy: 42
  文献 - adc: 55
  文献 - glp1: 35
  文献 - io: 36
  公司: 15 国际 + 9 国内
  财报: 0

完成!
[07:03:18] 数据合并完成, 退出码: 0
[07:03:18] 递送系统专题扫描...
/Users/nnn_nice/Library/Python/3.9/lib/python/site-packages/urllib3/__init__.py:35: NotOpenSSLWarning: urllib3 v2 only supports OpenSSL 1.1.1+, currently the 'ssl' module is compiled with 'LibreSSL 2.8.3'. See: https://github.com/urllib3/urllib3/issues/3020
  warnings.warn(
============================================================
LNP / 体内递送系统专门扫描
============================================================
时间: 2026-07-08 07:03

[lipid nanoparticle] 搜索: lipid nanoparticle mRNA delivery...
  找到 PMID: 15

[lipid nanoparticle] 搜索: lipid nanoparticle gene therapy...
  找到 PMID: 15
Fetch error: HTTPSConnectionPool(host='eutils.ncbi.nlm.nih.gov', port=443): Max retries exceeded with url: /entrez/eutils/esummary.fcgi?db=pubmed&id=42411815%2C42397569%2C42358155%2C42340456%2C42313741%2C42305144%2C42225517%2C42142676%2C42013581%2C41912135%2C41814652%2C41791686%2C41704233%2C41274780%2C40965558&retmode=json (Caused by SSLError(SSLEOFError(8, 'EOF occurred in violation of protocol (_ssl.c:1129)')))

[lipid nanoparticle] 搜索: LNP in vivo CRISPR...
  找到 PMID: 4

[aav] 搜索: AAV gene therapy clinical...
  找到 PMID: 15

[aav] 搜索: adeno-associated virus vector 2026...
  找到 PMID: 15

[aav] 搜索: AAV manufacturing production...
  找到 PMID: 3

[exosome] 搜索: exosome drug delivery...
Search error: HTTPSConnectionPool(host='eutils.ncbi.nlm.nih.gov', port=443): Max retries exceeded with url: /entrez/eutils/esearch.fcgi?db=pubmed&term=exosome+drug+delivery&reldate=14&datetype=pdat&retmax=15&retmode=json&sort=date (Caused by SSLError(SSLEOFError(8, 'EOF occurred in violation of protocol (_ssl.c:1129)')))
  找到 PMID: 0

[vlp] 搜索: virus-like particle VLP therapeutic...
Search error: HTTPSConnectionPool(host='eutils.ncbi.nlm.nih.gov', port=443): Max retries exceeded with url: /entrez/eutils/esearch.fcgi?db=pubmed&term=virus-like+particle+VLP+therapeutic&reldate=14&datetype=pdat&retmax=15&retmode=json&sort=date (Caused by SSLError(SSLEOFError(8, 'EOF occurred in violation of protocol (_ssl.c:1129)')))
  找到 PMID: 0

[nanoparticle] 搜索: nanoparticle targeted delivery gene...
Search error: HTTPSConnectionPool(host='eutils.ncbi.nlm.nih.gov', port=443): Read timed out. (read timeout=30)
  找到 PMID: 0

[electroporation] 搜索: electroporation in vivo CRISPR...
  找到 PMID: 0

[in_vivo] 搜索: gene therapy in vivo delivery 2026...
  找到 PMID: 15

[crispr_delivery] 搜索: CRISPR delivery therapeutic...
  找到 PMID: 15

============================================================
📊 递送类型分布
============================================================
  OTHER: 27 篇
  NANOPARTICLE: 25 篇
  AAV: 24 篇
  LNP: 20 篇
  LENTIVIRUS: 2 篇
  EXOSOME: 2 篇
  VLP: 1 篇

============================================================
📚 找到 76 篇相关文章（展示前15）
============================================================

1. PMID:42379311 [nanoparticle,lnp]
   Muscle contribution in lipid nanoparticle mediated mRNA vaccine delivery and eff
   Journal of controlled release : official journal of the Controlled Release Society | 2026 Jun 30

2. PMID:42379534 [nanoparticle,lnp]
   Lipid nanoparticles for Cas9 ribonucleoprotein delivery: design and evaluation o
   European journal of pharmaceutical sciences : official journal of the European Federation for Pharmaceutical Sciences | 2026 Jun 30

3. PMID:42380600 [aav]
   Improving the precision of AAV lung gene therapy for SP-B deficiency using compu
   Gene therapy | 2026 Jun 30

4. PMID:42377628 [aav]
   Advances in neural organoids: structural organization, disease modeling, and app
   Molecular biology reports | 2026 Jun 30

5. PMID:42398422 [nanoparticle]
   Engineering miRNA-223 nanocomplexes via bioorthogonal self-assembly for precisio
   Biomaterials | 2026 Jun 30

6. PMID:42379944 [other]
   Precision gene editing: From proof-of-concept to curative therapies.
   Trends in molecular medicine | 2026 Jun 30

7. PMID:42378058 [nanoparticle]
   Discovery and therapeutic delivery of microRNAs targeting deregulated glioblasto
   The Journal of clinical investigation | 2026 Jun 30

8. PMID:42373925 [nanoparticle,lnp]
   Whole-Body Pharmacokinetics of Ionizable Lipid, mRNA, and the Expressed Antibody
   The AAPS journal | 2026 Jun 29

9. PMID:42371804 [aav]
   One-stage Assay Factor VIII Activity Reflects AAV-Derived Factor VIII-Enhanced T
   Blood | 2026 Jun 29

10. PMID:42373902 [aav]
   Cardiomyocyte lamin A re-expression via AAV-Lmna/DJ8 ameliorates cardiac dysfunc
   Scientific reports | 2026 Jun 29

11. PMID:42371791 [other]
   Biodegradable Acoustic Targeting for Ultrasound-Supported Gene Therapy (BATUS) i
   Advanced science (Weinheim, Baden-Wurttemberg, Germany) | 2026 Jun 29

12. PMID:42371300 [other]
   Decoy oligonucleotide technology in cancer therapy: molecular mechanisms, challe
   Medical oncology (Northwood, London, England) | 2026 Jun 29

13. PMID:42391835 [other]
   Epigenetic regulation of non-apoptotic regulated cell death.
   European journal of cell biology | 2026 Jun 29

14. PMID:42374407 [other]
   Engineered iMSCs delivering wild-type IL-2 achieve dose-sparing tumor control vi
   BMC medicine | 2026 Jun 29

15. PMID:42366709 [other]
   Nanocarrier-Based Gene Delivery Systems: Mechanisms, Clinical Translation, and F
   Biotechnology and bioengineering | 2026 Jun 28

已保存: /Users/nnn_nice/scripts/biotech-monitor/data/daily/delivery_papers_20260708.json
[07:05:43] 递送扫描完成
[07:05:43] 预生成 AI 分析...
/Users/nnn_nice/Library/Python/3.9/lib/python/site-packages/urllib3/__init__.py:35: NotOpenSSLWarning: urllib3 v2 only supports OpenSSL 1.1.1+, currently the 'ssl' module is compiled with 'LibreSSL 2.8.3'. See: https://github.com/urllib3/urllib3/issues/3020
  warnings.warn(
需要分析的项目: 19
已有缓存: 209
[1/19] paper_42412303...
  ✓ 成功 (681 字)
[2/19] paper_42411064...
  Attempt 1 failed: HTTP 500
  Attempt 2 failed: HTTP 500
  Attempt 3 failed: HTTP 500
  ✗ 失败
[3/19] paper_42405844...
  Attempt 1 failed: HTTP 500
  ✓ 成功 (0 字)
[4/19] paper_42412303...
  Attempt 1 failed: HTTP 500
  ✓ 成功 (0 字)
[5/19] paper_42412128...
  ✓ 成功 (410 字)
[6/19] paper_42411504...
  ✓ 成功 (683 字)
[7/19] paper_42412352...
  ✓ 成功 (383 字)
[8/19] paper_42412128...
  ✓ 成功 (437 字)
[9/19] paper_42411504...
  ✓ 成功 (832 字)
[10/19] paper_42412329...
  ✓ 成功 (476 字)
  [已保存进度]
[11/19] paper_42411922...
  ✓ 成功 (0 字)
[12/19] paper_42410344...
  Attempt 1 failed: HTTP 500
  ✓ 成功 (0 字)
[13/19] paper_42411917...
  Attempt 1 failed: HTTP 500
  Attempt 2 failed: HTTP 500
  ✓ 成功 (923 字)
[14/19] paper_42407324...
  Attempt 1 failed: HTTP 500
  ✓ 成功 (0 字)
[15/19] deal_Vertex's Crinetics deal points to big ambitions for cys...
  ✓ 成功 (623 字)
[16/19] deal_STAT+: Compass says depression drug has long-lasting be...
  Attempt 1 failed: HTTP 500
  ✓ 成功 (1204 字)
[17/19] deal_Novartis, Vertex and Ipsen extend pharma M&A spree from...
  ✓ 成功 (915 字)
[18/19] deal_MeiraGTx strikes royalty deal; Fore's 2023 Series D con...
  ✓ 成功 (631 字)
[19/19] deal_STAT+: Pharmalittle: We’re reading about a $10 billion ...
  ✓ 成功 (842 字)

完成: 成功 18, 失败 1
缓存总数: 224
已保存到: /Users/nnn_nice/scripts/biotech-monitor/scripts/../data/daily/analysis_cache.json
[07:14:51] AI 预生成完成
[07:14:51] 提交到Git...
[main 8dfa5e1] Auto update: 2026-07-08 07:14
 Committer: nnn_nice <nnn_nice@nnn-nicedeMacBook-Pro.local>
Your name and email address were configured automatically based
on your username and hostname. Please check that they are accurate.
You can suppress this message by setting them explicitly:

    git config --global user.name "Your Name"
    git config --global user.email you@example.com

After doing this, you may fix the identity used for this commit with:

    git commit --amend --reset-author

 7 files changed, 9739 insertions(+), 6133 deletions(-)
 create mode 100644 data/daily/2026-07-08.json
 create mode 100644 data/daily/delivery_papers_20260708.json
 create mode 100644 data/daily/news_2026-07-08.json
[07:14:51] 推送到GitHub...
fatal: could not read Username for 'https://github.com': Device not configured
[07:14:52] 推送失败,将稍后重试
[07:14:52] 自动更新完成

