========================================
[2026-07-10 07:00:00] 开始自动更新
========================================
[07:00:00] 抓取PubMed论文...
/Users/nnn_nice/Library/Python/3.9/lib/python/site-packages/urllib3/__init__.py:35: NotOpenSSLWarning: urllib3 v2 only supports OpenSSL 1.1.1+, currently the 'ssl' module is compiled with 'LibreSSL 2.8.3'. See: https://github.com/urllib3/urllib3/issues/3020
  warnings.warn(
[07:00:01] 开始抓取PubMed数据...

[gene_editing] 搜索中...
Search error: HTTPSConnectionPool(host='eutils.ncbi.nlm.nih.gov', port=443): Max retries exceeded with url: /entrez/eutils/esearch.fcgi?db=pubmed&term=CRISPR%5BTitle%2FAbstract%5D+OR+Cas9%5BTitle%2FAbstract%5D+OR+base+editing%5BTitle%2FAbstract%5D+OR+prime+editing%5BTitle%2FAbstract%5D&reldate=7&datetype=pdat&retmax=30&retmode=json&sort=date (Caused by SSLError(SSLEOFError(8, 'EOF occurred in violation of protocol (_ssl.c:1129)')))
Search error: HTTPSConnectionPool(host='eutils.ncbi.nlm.nih.gov', port=443): Max retries exceeded with url: /entrez/eutils/esearch.fcgi?db=pubmed&term=gene+therapy%5BTitle%2FAbstract%5D+OR+in+vivo+gene+editing%5BTitle%2FAbstract%5D&reldate=7&datetype=pdat&retmax=30&retmode=json&sort=date (Caused by SSLError(SSLEOFError(8, 'EOF occurred in violation of protocol (_ssl.c:1129)')))
Search error: HTTPSConnectionPool(host='eutils.ncbi.nlm.nih.gov', port=443): Max retries exceeded with url: /entrez/eutils/esearch.fcgi?db=pubmed&term=AAV+gene+therapy%5BTitle%2FAbstract%5D+OR+lentiviral+vector%5BTitle%2FAbstract%5D&reldate=7&datetype=pdat&retmax=30&retmode=json&sort=date (Caused by SSLError(SSLEOFError(8, 'EOF occurred in violation of protocol (_ssl.c:1129)')))

[cell_therapy] 搜索中...
Search error: HTTPSConnectionPool(host='eutils.ncbi.nlm.nih.gov', port=443): Max retries exceeded with url: /entrez/eutils/esearch.fcgi?db=pubmed&term=CAR-T%5BTitle%2FAbstract%5D+OR+cell+therapy%5BTitle%2FAbstract%5D&reldate=7&datetype=pdat&retmax=30&retmode=json&sort=date (Caused by SSLError(SSLEOFError(8, 'EOF occurred in violation of protocol (_ssl.c:1129)')))
Search error: HTTPSConnectionPool(host='eutils.ncbi.nlm.nih.gov', port=443): Max retries exceeded with url: /entrez/eutils/esearch.fcgi?db=pubmed&term=iPSC%5BTitle%2FAbstract%5D+OR+stem+cell+therapy%5BTitle%2FAbstract%5D&reldate=7&datetype=pdat&retmax=30&retmode=json&sort=date (Caused by SSLError(SSLEOFError(8, 'EOF occurred in violation of protocol (_ssl.c:1129)')))
Search error: HTTPSConnectionPool(host='eutils.ncbi.nlm.nih.gov', port=443): Max retries exceeded with url: /entrez/eutils/esearch.fcgi?db=pubmed&term=TCR-T%5BTitle%2FAbstract%5D+OR+NK+cell%5BTitle%2FAbstract%5D&reldate=7&datetype=pdat&retmax=30&retmode=json&sort=date (Caused by SSLError(SSLEOFError(8, 'EOF occurred in violation of protocol (_ssl.c:1129)')))

[adc] 搜索中...
Search error: HTTPSConnectionPool(host='eutils.ncbi.nlm.nih.gov', port=443): Max retries exceeded with url: /entrez/eutils/esearch.fcgi?db=pubmed&term=ADC%5BTitle%2FAbstract%5D+OR+antibody+drug+conjugate%5BTitle%2FAbstract%5D&reldate=7&datetype=pdat&retmax=30&retmode=json&sort=date (Caused by SSLError(SSLEOFError(8, 'EOF occurred in violation of protocol (_ssl.c:1129)')))
Search error: HTTPSConnectionPool(host='eutils.ncbi.nlm.nih.gov', port=443): Max retries exceeded with url: /entrez/eutils/esearch.fcgi?db=pubmed&term=bispecific+antibody%5BTitle%2FAbstract%5D&reldate=7&datetype=pdat&retmax=30&retmode=json&sort=date (Caused by SSLError(SSLEOFError(8, 'EOF occurred in violation of protocol (_ssl.c:1129)')))

[glp1] 搜索中...
Search error: HTTPSConnectionPool(host='eutils.ncbi.nlm.nih.gov', port=443): Max retries exceeded with url: /entrez/eutils/esearch.fcgi?db=pubmed&term=GLP-1%5BTitle%2FAbstract%5D+OR+semaglutide%5BTitle%2FAbstract%5D&reldate=7&datetype=pdat&retmax=30&retmode=json&sort=date (Caused by SSLError(SSLEOFError(8, 'EOF occurred in violation of protocol (_ssl.c:1129)')))
Search error: HTTPSConnectionPool(host='eutils.ncbi.nlm.nih.gov', port=443): Max retries exceeded with url: /entrez/eutils/esearch.fcgi?db=pubmed&term=obesity%5BTitle%2FAbstract%5D+AND+metabolic%5BTitle%2FAbstract%5D&reldate=7&datetype=pdat&retmax=30&retmode=json&sort=date (Caused by SSLError(SSLEOFError(8, 'EOF occurred in violation of protocol (_ssl.c:1129)')))

[io] 搜索中...
Search error: HTTPSConnectionPool(host='eutils.ncbi.nlm.nih.gov', port=443): Max retries exceeded with url: /entrez/eutils/esearch.fcgi?db=pubmed&term=checkpoint+inhibitor%5BTitle%2FAbstract%5D+OR+PD-1%5BTitle%2FAbstract%5D+OR+PD-L1%5BTitle%2FAbstract%5D&reldate=7&datetype=pdat&retmax=30&retmode=json&sort=date (Caused by SSLError(SSLEOFError(8, 'EOF occurred in violation of protocol (_ssl.c:1129)')))
Search error: HTTPSConnectionPool(host='eutils.ncbi.nlm.nih.gov', port=443): Max retries exceeded with url: /entrez/eutils/esearch.fcgi?db=pubmed&term=tumor+immunotherapy%5BTitle%2FAbstract%5D+OR+IO+combo%5BTitle%2FAbstract%5D&reldate=7&datetype=pdat&retmax=30&retmode=json&sort=date (Caused by SSLError(SSLEOFError(8, 'EOF occurred in violation of protocol (_ssl.c:1129)')))

[重点公司] 搜索中...
Search error: HTTPSConnectionPool(host='eutils.ncbi.nlm.nih.gov', port=443): Max retries exceeded with url: /entrez/eutils/esearch.fcgi?db=pubmed&term=Beam%5BTitle%2FAbstract%5D&reldate=14&datetype=pdat&retmax=5&retmode=json&sort=date (Caused by SSLError(SSLEOFError(8, 'EOF occurred in violation of protocol (_ssl.c:1129)')))
Search error: HTTPSConnectionPool(host='eutils.ncbi.nlm.nih.gov', port=443): Max retries exceeded with url: /entrez/eutils/esearch.fcgi?db=pubmed&term=Verve%5BTitle%2FAbstract%5D&reldate=14&datetype=pdat&retmax=5&retmode=json&sort=date (Caused by SSLError(SSLEOFError(8, 'EOF occurred in violation of protocol (_ssl.c:1129)')))
Search error: HTTPSConnectionPool(host='eutils.ncbi.nlm.nih.gov', port=443): Max retries exceeded with url: /entrez/eutils/esearch.fcgi?db=pubmed&term=Tessera%5BTitle%2FAbstract%5D&reldate=14&datetype=pdat&retmax=5&retmode=json&sort=date (Caused by SSLError(SSLEOFError(8, 'EOF occurred in violation of protocol (_ssl.c:1129)')))
Search error: HTTPSConnectionPool(host='eutils.ncbi.nlm.nih.gov', port=443): Max retries exceeded with url: /entrez/eutils/esearch.fcgi?db=pubmed&term=Intellia%5BTitle%2FAbstract%5D&reldate=14&datetype=pdat&retmax=5&retmode=json&sort=date (Caused by SSLError(SSLEOFError(8, 'EOF occurred in violation of protocol (_ssl.c:1129)')))
Search error: HTTPSConnectionPool(host='eutils.ncbi.nlm.nih.gov', port=443): Max retries exceeded with url: /entrez/eutils/esearch.fcgi?db=pubmed&term=Editas%5BTitle%2FAbstract%5D&reldate=14&datetype=pdat&retmax=5&retmode=json&sort=date (Caused by SSLError(SSLEOFError(8, 'EOF occurred in violation of protocol (_ssl.c:1129)')))
Search error: HTTPSConnectionPool(host='eutils.ncbi.nlm.nih.gov', port=443): Max retries exceeded with url: /entrez/eutils/esearch.fcgi?db=pubmed&term=CRISPR+Therapeutics%5BTitle%2FAbstract%5D&reldate=14&datetype=pdat&retmax=5&retmode=json&sort=date (Caused by SSLError(SSLEOFError(8, 'EOF occurred in violation of protocol (_ssl.c:1129)')))
Search error: HTTPSConnectionPool(host='eutils.ncbi.nlm.nih.gov', port=443): Max retries exceeded with url: /entrez/eutils/esearch.fcgi?db=pubmed&term=Prime+Medicine%5BTitle%2FAbstract%5D&reldate=14&datetype=pdat&retmax=5&retmode=json&sort=date (Caused by SSLError(SSLEOFError(8, 'EOF occurred in violation of protocol (_ssl.c:1129)')))
Search error: HTTPSConnectionPool(host='eutils.ncbi.nlm.nih.gov', port=443): Max retries exceeded with url: /entrez/eutils/esearch.fcgi?db=pubmed&term=Arbor%5BTitle%2FAbstract%5D&reldate=14&datetype=pdat&retmax=5&retmode=json&sort=date (Caused by SSLError(SSLEOFError(8, 'EOF occurred in violation of protocol (_ssl.c:1129)')))
Search error: HTTPSConnectionPool(host='eutils.ncbi.nlm.nih.gov', port=443): Max retries exceeded with url: /entrez/eutils/esearch.fcgi?db=pubmed&term=Scribe%5BTitle%2FAbstract%5D&reldate=14&datetype=pdat&retmax=5&retmode=json&sort=date (Caused by SSLError(SSLEOFError(8, 'EOF occurred in violation of protocol (_ssl.c:1129)')))
Search error: HTTPSConnectionPool(host='eutils.ncbi.nlm.nih.gov', port=443): Max retries exceeded with url: /entrez/eutils/esearch.fcgi?db=pubmed&term=Metagenomi%5BTitle%2FAbstract%5D&reldate=14&datetype=pdat&retmax=5&retmode=json&sort=date (Caused by SSLError(SSLEOFError(8, 'EOF occurred in violation of protocol (_ssl.c:1129)')))
  找到 0 篇公司相关

数据已保存到: /Users/nnn_nice/scripts/biotech-monitor/scripts/../data/daily/2026-07-10.json

完成!
[07:01:51] PubMed抓取完成, 退出码: 0
[07:01:51] 抓取BD新闻...
/Users/nnn_nice/Library/Python/3.9/lib/python/site-packages/urllib3/__init__.py:35: NotOpenSSLWarning: urllib3 v2 only supports OpenSSL 1.1.1+, currently the 'ssl' module is compiled with 'LibreSSL 2.8.3'. See: https://github.com/urllib3/urllib3/issues/3020
  warnings.warn(
[07:01:52] 开始抓取新闻...
  [endpoints] 抓取RSS...
    错误: HTTPSConnectionPool(host='endpts.com', port=443): Max retries exceeded with url: /feed/ (Caused by SSLError(SSLEOFError(8, 'EOF occurred in violation of protocol (_ssl.c:1129)')))
  [biospace] 抓取RSS...
    错误: HTTPSConnectionPool(host='www.biospace.com', port=443): Max retries exceeded with url: /rss/news/ (Caused by SSLError(SSLEOFError(8, 'EOF occurred in violation of protocol (_ssl.c:1129)')))
  [statnews] 抓取RSS...
    错误: HTTPSConnectionPool(host='www.statnews.com', port=443): Max retries exceeded with url: /feed/ (Caused by SSLError(SSLEOFError(8, 'EOF occurred in violation of protocol (_ssl.c:1129)')))

总共获取 0 条原始新闻
过滤后 0 条相关

数据已保存: /Users/nnn_nice/scripts/biotech-monitor/scripts/../data/daily/news_2026-07-10.json

统计:
  BD交易: 0
  临床进展: 0
  监管动态: 0

完成!
[07:02:10] BD新闻抓取完成, 退出码: 0
[07:02:10] 合并数据...
[2026-07-10 07:02:10] 合并数据...
数据已保存到: /Users/nnn_nice/scripts/biotech-monitor/scripts/../data/daily

数据统计:
  今日重点 - 交易: 1
  今日重点 - 临床: 1
  文献 - gene_editing: 0
  文献 - cell_therapy: 0
  文献 - adc: 0
  文献 - glp1: 0
  文献 - io: 0
  公司: 15 国际 + 9 国内
  财报: 0

完成!
[07:02:10] 数据合并完成, 退出码: 0
[07:02:10] 递送系统专题扫描...
/Users/nnn_nice/Library/Python/3.9/lib/python/site-packages/urllib3/__init__.py:35: NotOpenSSLWarning: urllib3 v2 only supports OpenSSL 1.1.1+, currently the 'ssl' module is compiled with 'LibreSSL 2.8.3'. See: https://github.com/urllib3/urllib3/issues/3020
  warnings.warn(
============================================================
LNP / 体内递送系统专门扫描
============================================================
时间: 2026-07-10 07:02

[lipid nanoparticle] 搜索: lipid nanoparticle mRNA delivery...
Search error: HTTPSConnectionPool(host='eutils.ncbi.nlm.nih.gov', port=443): Max retries exceeded with url: /entrez/eutils/esearch.fcgi?db=pubmed&term=lipid+nanoparticle+mRNA+delivery&reldate=14&datetype=pdat&retmax=15&retmode=json&sort=date (Caused by SSLError(SSLEOFError(8, 'EOF occurred in violation of protocol (_ssl.c:1129)')))
  找到 PMID: 0

[lipid nanoparticle] 搜索: lipid nanoparticle gene therapy...
Search error: HTTPSConnectionPool(host='eutils.ncbi.nlm.nih.gov', port=443): Max retries exceeded with url: /entrez/eutils/esearch.fcgi?db=pubmed&term=lipid+nanoparticle+gene+therapy&reldate=14&datetype=pdat&retmax=15&retmode=json&sort=date (Caused by SSLError(SSLEOFError(8, 'EOF occurred in violation of protocol (_ssl.c:1129)')))
  找到 PMID: 0

[lipid nanoparticle] 搜索: LNP in vivo CRISPR...
Search error: HTTPSConnectionPool(host='eutils.ncbi.nlm.nih.gov', port=443): Max retries exceeded with url: /entrez/eutils/esearch.fcgi?db=pubmed&term=LNP+in+vivo+CRISPR&reldate=14&datetype=pdat&retmax=15&retmode=json&sort=date (Caused by SSLError(SSLEOFError(8, 'EOF occurred in violation of protocol (_ssl.c:1129)')))
  找到 PMID: 0

[aav] 搜索: AAV gene therapy clinical...
Search error: HTTPSConnectionPool(host='eutils.ncbi.nlm.nih.gov', port=443): Max retries exceeded with url: /entrez/eutils/esearch.fcgi?db=pubmed&term=AAV+gene+therapy+clinical&reldate=14&datetype=pdat&retmax=15&retmode=json&sort=date (Caused by SSLError(SSLEOFError(8, 'EOF occurred in violation of protocol (_ssl.c:1129)')))
  找到 PMID: 0

[aav] 搜索: adeno-associated virus vector 2026...
Search error: HTTPSConnectionPool(host='eutils.ncbi.nlm.nih.gov', port=443): Max retries exceeded with url: /entrez/eutils/esearch.fcgi?db=pubmed&term=adeno-associated+virus+vector+2026&reldate=14&datetype=pdat&retmax=15&retmode=json&sort=date (Caused by SSLError(SSLEOFError(8, 'EOF occurred in violation of protocol (_ssl.c:1129)')))
  找到 PMID: 0

[aav] 搜索: AAV manufacturing production...
Search error: HTTPSConnectionPool(host='eutils.ncbi.nlm.nih.gov', port=443): Max retries exceeded with url: /entrez/eutils/esearch.fcgi?db=pubmed&term=AAV+manufacturing+production&reldate=14&datetype=pdat&retmax=15&retmode=json&sort=date (Caused by SSLError(SSLEOFError(8, 'EOF occurred in violation of protocol (_ssl.c:1129)')))
  找到 PMID: 0

[exosome] 搜索: exosome drug delivery...
Search error: HTTPSConnectionPool(host='eutils.ncbi.nlm.nih.gov', port=443): Max retries exceeded with url: /entrez/eutils/esearch.fcgi?db=pubmed&term=exosome+drug+delivery&reldate=14&datetype=pdat&retmax=15&retmode=json&sort=date (Caused by SSLError(SSLEOFError(8, 'EOF occurred in violation of protocol (_ssl.c:1129)')))
  找到 PMID: 0

[vlp] 搜索: virus-like particle VLP therapeutic...
Search error: HTTPSConnectionPool(host='eutils.ncbi.nlm.nih.gov', port=443): Max retries exceeded with url: /entrez/eutils/esearch.fcgi?db=pubmed&term=virus-like+particle+VLP+therapeutic&reldate=14&datetype=pdat&retmax=15&retmode=json&sort=date (Caused by SSLError(SSLEOFError(8, 'EOF occurred in violation of protocol (_ssl.c:1129)')))
  找到 PMID: 0

[nanoparticle] 搜索: nanoparticle targeted delivery gene...
Search error: HTTPSConnectionPool(host='eutils.ncbi.nlm.nih.gov', port=443): Max retries exceeded with url: /entrez/eutils/esearch.fcgi?db=pubmed&term=nanoparticle+targeted+delivery+gene&reldate=14&datetype=pdat&retmax=15&retmode=json&sort=date (Caused by SSLError(SSLEOFError(8, 'EOF occurred in violation of protocol (_ssl.c:1129)')))
  找到 PMID: 0

[electroporation] 搜索: electroporation in vivo CRISPR...
Search error: HTTPSConnectionPool(host='eutils.ncbi.nlm.nih.gov', port=443): Max retries exceeded with url: /entrez/eutils/esearch.fcgi?db=pubmed&term=electroporation+in+vivo+CRISPR&reldate=14&datetype=pdat&retmax=15&retmode=json&sort=date (Caused by SSLError(SSLEOFError(8, 'EOF occurred in violation of protocol (_ssl.c:1129)')))
  找到 PMID: 0

[in_vivo] 搜索: gene therapy in vivo delivery 2026...
Search error: HTTPSConnectionPool(host='eutils.ncbi.nlm.nih.gov', port=443): Max retries exceeded with url: /entrez/eutils/esearch.fcgi?db=pubmed&term=gene+therapy+in+vivo+delivery+2026&reldate=14&datetype=pdat&retmax=15&retmode=json&sort=date (Caused by SSLError(SSLEOFError(8, 'EOF occurred in violation of protocol (_ssl.c:1129)')))
  找到 PMID: 0

[crispr_delivery] 搜索: CRISPR delivery therapeutic...
Search error: HTTPSConnectionPool(host='eutils.ncbi.nlm.nih.gov', port=443): Max retries exceeded with url: /entrez/eutils/esearch.fcgi?db=pubmed&term=CRISPR+delivery+therapeutic&reldate=14&datetype=pdat&retmax=15&retmode=json&sort=date (Caused by SSLError(SSLEOFError(8, 'EOF occurred in violation of protocol (_ssl.c:1129)')))
  找到 PMID: 0

============================================================
📊 递送类型分布
============================================================

============================================================
📚 找到 0 篇相关文章（展示前15）
============================================================

已保存: /Users/nnn_nice/scripts/biotech-monitor/data/daily/delivery_papers_20260710.json
[07:03:18] 递送扫描完成
[07:03:18] 预生成 AI 分析...
/Users/nnn_nice/Library/Python/3.9/lib/python/site-packages/urllib3/__init__.py:35: NotOpenSSLWarning: urllib3 v2 only supports OpenSSL 1.1.1+, currently the 'ssl' module is compiled with 'LibreSSL 2.8.3'. See: https://github.com/urllib3/urllib3/issues/3020
  warnings.warn(
需要分析的项目: 0
已有缓存: 240
所有项目已缓存，无需重新生成
[07:03:28] AI 预生成完成
[07:03:28] 提交到Git...
[main bad9897] Auto update: 2026-07-10 07:03
 Committer: nnn_nice <nnn_nice@nnn-nicedeMacBook-Pro.local>
Your name and email address were configured automatically based
on your username and hostname. Please check that they are accurate.
You can suppress this message by setting them explicitly:

    git config --global user.name "Your Name"
    git config --global user.email you@example.com

After doing this, you may fix the identity used for this commit with:

    git commit --amend --reset-author

 6 files changed, 49 insertions(+), 10630 deletions(-)
 create mode 100644 data/daily/2026-07-10.json
 create mode 100644 data/daily/delivery_papers_20260710.json
 create mode 100644 data/daily/news_2026-07-10.json
[07:03:29] 推送到GitHub...
fatal: unable to access 'https://github.com/zhanghongling1010/biotech-monitor.git/': LibreSSL SSL_connect: SSL_ERROR_SYSCALL in connection to github.com:443 
[07:03:34] 推送失败,将稍后重试
[07:03:34] 自动更新完成

