========================================
[2026-07-12 07:00:00] 开始自动更新
========================================
[07:00:00] 抓取PubMed论文...
/Users/nnn_nice/Library/Python/3.9/lib/python/site-packages/urllib3/__init__.py:35: NotOpenSSLWarning: urllib3 v2 only supports OpenSSL 1.1.1+, currently the 'ssl' module is compiled with 'LibreSSL 2.8.3'. See: https://github.com/urllib3/urllib3/issues/3020
  warnings.warn(
[07:00:00] 开始抓取PubMed数据...

[gene_editing] 搜索中...
  找到 30 篇
  找到 30 篇
  找到 2 篇

[cell_therapy] 搜索中...
  找到 30 篇
  找到 30 篇
  找到 25 篇

[adc] 搜索中...
  找到 30 篇
  找到 13 篇

[glp1] 搜索中...
  找到 30 篇
  找到 30 篇

[io] 搜索中...
  找到 30 篇
  找到 8 篇

[重点公司] 搜索中...
  找到 18 篇公司相关

数据已保存到: /Users/nnn_nice/scripts/biotech-monitor/scripts/../data/daily/2026-07-12.json

完成!
[07:00:54] PubMed抓取完成, 退出码: 0
[07:00:54] 抓取BD新闻...
/Users/nnn_nice/Library/Python/3.9/lib/python/site-packages/urllib3/__init__.py:35: NotOpenSSLWarning: urllib3 v2 only supports OpenSSL 1.1.1+, currently the 'ssl' module is compiled with 'LibreSSL 2.8.3'. See: https://github.com/urllib3/urllib3/issues/3020
  warnings.warn(
[07:00:55] 开始抓取新闻...
  [endpoints] 抓取RSS...
    获取 24 条
  [biospace] 抓取RSS...
    错误: 404 Client Error: Not Found for url: https://www.biospace.com/rss/news/
  [statnews] 抓取RSS...
    获取 20 条

总共获取 44 条原始新闻
过滤后 22 条相关

数据已保存: /Users/nnn_nice/scripts/biotech-monitor/scripts/../data/daily/news_2026-07-12.json

统计:
  BD交易: 4
  临床进展: 2
  监管动态: 0

完成!
[07:01:03] BD新闻抓取完成, 退出码: 0
[07:01:03] 合并数据...
[2026-07-12 07:01:03] 合并数据...
数据已保存到: /Users/nnn_nice/scripts/biotech-monitor/scripts/../data/daily

数据统计:
  今日重点 - 交易: 5
  今日重点 - 临床: 3
  文献 - gene_editing: 62
  文献 - cell_therapy: 88
  文献 - adc: 45
  文献 - glp1: 54
  文献 - io: 61
  公司: 15 国际 + 9 国内
  财报: 0

完成!
[07:01:03] 数据合并完成, 退出码: 0
[07:01:03] 递送系统专题扫描...
/Users/nnn_nice/Library/Python/3.9/lib/python/site-packages/urllib3/__init__.py:35: NotOpenSSLWarning: urllib3 v2 only supports OpenSSL 1.1.1+, currently the 'ssl' module is compiled with 'LibreSSL 2.8.3'. See: https://github.com/urllib3/urllib3/issues/3020
  warnings.warn(
============================================================
LNP / 体内递送系统专门扫描
============================================================
时间: 2026-07-12 07:01

[lipid nanoparticle] 搜索: lipid nanoparticle mRNA delivery...
  找到 PMID: 15

[lipid nanoparticle] 搜索: lipid nanoparticle gene therapy...
  找到 PMID: 15

[lipid nanoparticle] 搜索: LNP in vivo CRISPR...
  找到 PMID: 4

[aav] 搜索: AAV gene therapy clinical...
  找到 PMID: 15

[aav] 搜索: adeno-associated virus vector 2026...
  找到 PMID: 15

[aav] 搜索: AAV manufacturing production...
  找到 PMID: 4

[exosome] 搜索: exosome drug delivery...
  找到 PMID: 15

[vlp] 搜索: virus-like particle VLP therapeutic...
  找到 PMID: 3

[nanoparticle] 搜索: nanoparticle targeted delivery gene...
  找到 PMID: 15

[electroporation] 搜索: electroporation in vivo CRISPR...
  找到 PMID: 0

[in_vivo] 搜索: gene therapy in vivo delivery 2026...
  找到 PMID: 15

[crispr_delivery] 搜索: CRISPR delivery therapeutic...
  找到 PMID: 15

============================================================
📊 递送类型分布
============================================================
  NANOPARTICLE: 44 篇
  OTHER: 32 篇
  LNP: 29 篇
  AAV: 26 篇
  EXOSOME: 17 篇
  VLP: 4 篇
  ELECTROPORATION: 2 篇
  LENTIVIRUS: 1 篇

============================================================
📚 找到 113 篇相关文章（展示前15）
============================================================

1. PMID:42379534 [lnp,nanoparticle]
   Lipid nanoparticles for Cas9 ribonucleoprotein delivery: design and evaluation o
   European journal of pharmaceutical sciences : official journal of the European Federation for Pharmaceutical Sciences | 2026 Jun 30

2. PMID:42380600 [aav]
   Improving the precision of AAV lung gene therapy for SP-B deficiency using compu
   Gene therapy | 2026 Jun 30

3. PMID:42377628 [aav]
   Advances in neural organoids: structural organization, disease modeling, and app
   Molecular biology reports | 2026 Jun 30

4. PMID:42395946 [exosome,nanoparticle]
   Quercetin Delivered by Mesenchymal Stem Cell-Derived Exosomes Improves Liver Fib
   ACS omega | 2026 Jun 30

5. PMID:42398422 [nanoparticle]
   Engineering miRNA-223 nanocomplexes via bioorthogonal self-assembly for precisio
   Biomaterials | 2026 Jun 30

6. PMID:42379944 [other]
   Precision gene editing: From proof-of-concept to curative therapies.
   Trends in molecular medicine | 2026 Jun 30

7. PMID:42371804 [aav]
   One-stage Assay Factor VIII Activity Reflects AAV-Derived Factor VIII-Enhanced T
   Blood | 2026 Jun 29

8. PMID:42391835 [other]
   Epigenetic regulation of non-apoptotic regulated cell death.
   European journal of cell biology | 2026 Jun 29

9. PMID:42374407 [other]
   Engineered iMSCs delivering wild-type IL-2 achieve dose-sparing tumor control vi
   BMC medicine | 2026 Jun 29

10. PMID:41912135 [lnp,nanoparticle]
   HOX code-based stratification reveals RUNX1T1-HDAC reprogramming as a targetable
   Cancer letters | 2026 Jun 28

11. PMID:42366709 [other]
   Nanocarrier-Based Gene Delivery Systems: Mechanisms, Clinical Translation, and F
   Biotechnology and bioengineering | 2026 Jun 28

12. PMID:42373735 [aav]
   Recent advancements in improving cross-species applicability of bioengineered AA
   Gene therapy | 2026 Jun 27

13. PMID:42372468 [exosome]
   Exosome-mediated immune modulation in rheumatoid arthritis and its role in synov
   Cellular immunology | 2026 Jun 27

14. PMID:42305144 [aav,lnp,nanoparticle]
   Regenerative and molecular therapies for myocardial repair (Review).
   Medicine international | 2026 Jul-Aug

15. PMID:41791686 [lnp,exosome,nanoparticle]
   RNA therapeutics 2.0: Expanding the landscape from mRNA vaccines to splicing mod
   Biotechnology advances | 2026 Jul-Aug

已保存: /Users/nnn_nice/scripts/biotech-monitor/data/daily/delivery_papers_20260712.json
[07:01:57] 递送扫描完成
[07:01:57] 预生成 AI 分析...
/Users/nnn_nice/Library/Python/3.9/lib/python/site-packages/urllib3/__init__.py:35: NotOpenSSLWarning: urllib3 v2 only supports OpenSSL 1.1.1+, currently the 'ssl' module is compiled with 'LibreSSL 2.8.3'. See: https://github.com/urllib3/urllib3/issues/3020
  warnings.warn(
需要分析的项目: 14
已有缓存: 236
[1/14] paper_42433170...
  ✓ 成功 (1467 字)
[2/14] paper_42432276...
  ✓ 成功 (305 字)
[3/14] paper_42433200...
  ✓ 成功 (601 字)
[4/14] paper_42432263...
  ✓ 成功 (0 字)
[5/14] paper_42433021...
  ✓ 成功 (1301 字)
[6/14] paper_42431198...
  ✓ 成功 (1048 字)
[7/14] paper_42432807...
  ✓ 成功 (980 字)
[8/14] paper_42432163...
  ✓ 成功 (1031 字)
[9/14] paper_42432129...
  ✓ 成功 (779 字)
[10/14] paper_42433972...
  ✓ 成功 (1442 字)
  [已保存进度]
[11/14] paper_42433120...
  ✓ 成功 (516 字)
[12/14] paper_42432219...
  ✓ 成功 (1501 字)
[13/14] deal_Deals, deals, deals; Biohaven takes on Eli Lilly; and m...
  ✓ 成功 (1043 字)
[14/14] clinical_Hansoh meets Phase 3 SCLC goal; FDA approves Sanofi...
  ✓ 成功 (1187 字)

完成: 成功 14, 失败 0
缓存总数: 250
已保存到: /Users/nnn_nice/scripts/biotech-monitor/scripts/../data/daily/analysis_cache.json
[07:05:30] AI 预生成完成
[07:05:30] 提交到Git...
[main e7fd098] Auto update: 2026-07-12 07:05
 Committer: nnn_nice <nnn_nice@nnn-nicedeMacBook-Pro.local>
Your name and email address were configured automatically based
on your username and hostname. Please check that they are accurate.
You can suppress this message by setting them explicitly:

    git config --global user.name "Your Name"
    git config --global user.email you@example.com

After doing this, you may fix the identity used for this commit with:

    git commit --amend --reset-author

 7 files changed, 13118 insertions(+), 5459 deletions(-)
 create mode 100644 data/daily/2026-07-12.json
 create mode 100644 data/daily/delivery_papers_20260712.json
 create mode 100644 data/daily/news_2026-07-12.json
[07:05:30] 推送到GitHub...
fatal: could not read Username for 'https://github.com': Device not configured
[07:05:32] 推送失败,将稍后重试
[07:05:32] 自动更新完成

