========================================
[2026-07-09 07:00:00] 开始自动更新
========================================
[07:00:00] 抓取PubMed论文...
/Users/nnn_nice/Library/Python/3.9/lib/python/site-packages/urllib3/__init__.py:35: NotOpenSSLWarning: urllib3 v2 only supports OpenSSL 1.1.1+, currently the 'ssl' module is compiled with 'LibreSSL 2.8.3'. See: https://github.com/urllib3/urllib3/issues/3020
  warnings.warn(
[07:00:00] 开始抓取PubMed数据...

[gene_editing] 搜索中...
  找到 30 篇
  找到 30 篇
  找到 11 篇

[cell_therapy] 搜索中...
  找到 30 篇
  找到 30 篇
  找到 30 篇

[adc] 搜索中...
  找到 30 篇
  找到 30 篇

[glp1] 搜索中...
  找到 30 篇
  找到 30 篇

[io] 搜索中...
  找到 30 篇
  找到 21 篇

[重点公司] 搜索中...
  找到 19 篇公司相关

数据已保存到: /Users/nnn_nice/scripts/biotech-monitor/scripts/../data/daily/2026-07-09.json

完成!
[07:00:51] PubMed抓取完成, 退出码: 0
[07:00:51] 抓取BD新闻...
/Users/nnn_nice/Library/Python/3.9/lib/python/site-packages/urllib3/__init__.py:35: NotOpenSSLWarning: urllib3 v2 only supports OpenSSL 1.1.1+, currently the 'ssl' module is compiled with 'LibreSSL 2.8.3'. See: https://github.com/urllib3/urllib3/issues/3020
  warnings.warn(
[07:00:52] 开始抓取新闻...
  [endpoints] 抓取RSS...
    获取 24 条
  [biospace] 抓取RSS...
    错误: 404 Client Error: Not Found for url: https://www.biospace.com/rss/news/
  [statnews] 抓取RSS...
    获取 20 条

总共获取 44 条原始新闻
过滤后 21 条相关

数据已保存: /Users/nnn_nice/scripts/biotech-monitor/scripts/../data/daily/news_2026-07-09.json

统计:
  BD交易: 7
  临床进展: 0
  监管动态: 1

完成!
[07:01:00] BD新闻抓取完成, 退出码: 0
[07:01:00] 合并数据...
[2026-07-09 07:01:00] 合并数据...
数据已保存到: /Users/nnn_nice/scripts/biotech-monitor/scripts/../data/daily

数据统计:
  今日重点 - 交易: 8
  今日重点 - 临床: 1
  文献 - gene_editing: 74
  文献 - cell_therapy: 91
  文献 - adc: 55
  文献 - glp1: 60
  文献 - io: 80
  公司: 15 国际 + 9 国内
  财报: 0

完成!
[07:01:00] 数据合并完成, 退出码: 0
[07:01:00] 递送系统专题扫描...
/Users/nnn_nice/Library/Python/3.9/lib/python/site-packages/urllib3/__init__.py:35: NotOpenSSLWarning: urllib3 v2 only supports OpenSSL 1.1.1+, currently the 'ssl' module is compiled with 'LibreSSL 2.8.3'. See: https://github.com/urllib3/urllib3/issues/3020
  warnings.warn(
============================================================
LNP / 体内递送系统专门扫描
============================================================
时间: 2026-07-09 07:01

[lipid nanoparticle] 搜索: lipid nanoparticle mRNA delivery...
  找到 PMID: 15

[lipid nanoparticle] 搜索: lipid nanoparticle gene therapy...
  找到 PMID: 15

[lipid nanoparticle] 搜索: LNP in vivo CRISPR...
  找到 PMID: 4

[aav] 搜索: AAV gene therapy clinical...
  找到 PMID: 15

[aav] 搜索: adeno-associated virus vector 2026...
  找到 PMID: 15

[aav] 搜索: AAV manufacturing production...
  找到 PMID: 4

[exosome] 搜索: exosome drug delivery...
  找到 PMID: 15

[vlp] 搜索: virus-like particle VLP therapeutic...
  找到 PMID: 2

[nanoparticle] 搜索: nanoparticle targeted delivery gene...
  找到 PMID: 15

[electroporation] 搜索: electroporation in vivo CRISPR...
  找到 PMID: 0

[in_vivo] 搜索: gene therapy in vivo delivery 2026...
  找到 PMID: 15

[crispr_delivery] 搜索: CRISPR delivery therapeutic...
  找到 PMID: 15

============================================================
📊 递送类型分布
============================================================
  NANOPARTICLE: 46 篇
  OTHER: 31 篇
  LNP: 29 篇
  AAV: 25 篇
  EXOSOME: 17 篇
  VLP: 3 篇
  LENTIVIRUS: 2 篇
  ELECTROPORATION: 1 篇

============================================================
📚 找到 113 篇相关文章（展示前15）
============================================================

1. PMID:42379534 [lnp,nanoparticle]
   Lipid nanoparticles for Cas9 ribonucleoprotein delivery: design and evaluation o
   European journal of pharmaceutical sciences : official journal of the European Federation for Pharmaceutical Sciences | 2026 Jun 30

2. PMID:42380600 [aav]
   Improving the precision of AAV lung gene therapy for SP-B deficiency using compu
   Gene therapy | 2026 Jun 30

3. PMID:42377628 [aav]
   Advances in neural organoids: structural organization, disease modeling, and app
   Molecular biology reports | 2026 Jun 30

4. PMID:42395946 [nanoparticle,exosome]
   Quercetin Delivered by Mesenchymal Stem Cell-Derived Exosomes Improves Liver Fib
   ACS omega | 2026 Jun 30

5. PMID:42396015 [nanoparticle]
   Glycyrrhetinic Acid-Grafted Glycogen Nanoparticles Mediated Hepatic Delivery of 
   ACS omega | 2026 Jun 30

6. PMID:42378058 [nanoparticle]
   Discovery and therapeutic delivery of microRNAs targeting deregulated glioblasto
   The Journal of clinical investigation | 2026 Jun 30

7. PMID:42398422 [nanoparticle]
   Engineering miRNA-223 nanocomplexes via bioorthogonal self-assembly for precisio
   Biomaterials | 2026 Jun 30

8. PMID:42379944 [other]
   Precision gene editing: From proof-of-concept to curative therapies.
   Trends in molecular medicine | 2026 Jun 30

9. PMID:42371804 [aav]
   One-stage Assay Factor VIII Activity Reflects AAV-Derived Factor VIII-Enhanced T
   Blood | 2026 Jun 29

10. PMID:42373902 [aav]
   Cardiomyocyte lamin A re-expression via AAV-Lmna/DJ8 ameliorates cardiac dysfunc
   Scientific reports | 2026 Jun 29

11. PMID:42371791 [other]
   Biodegradable Acoustic Targeting for Ultrasound-Supported Gene Therapy (BATUS) i
   Advanced science (Weinheim, Baden-Wurttemberg, Germany) | 2026 Jun 29

12. PMID:42371300 [other]
   Decoy oligonucleotide technology in cancer therapy: molecular mechanisms, challe
   Medical oncology (Northwood, London, England) | 2026 Jun 29

13. PMID:42391835 [other]
   Epigenetic regulation of non-apoptotic regulated cell death.
   European journal of cell biology | 2026 Jun 29

14. PMID:42374407 [other]
   Engineered iMSCs delivering wild-type IL-2 achieve dose-sparing tumor control vi
   BMC medicine | 2026 Jun 29

15. PMID:41912135 [lnp,nanoparticle]
   HOX code-based stratification reveals RUNX1T1-HDAC reprogramming as a targetable
   Cancer letters | 2026 Jun 28

已保存: /Users/nnn_nice/scripts/biotech-monitor/data/daily/delivery_papers_20260709.json
[07:01:54] 递送扫描完成
[07:01:54] 预生成 AI 分析...
/Users/nnn_nice/Library/Python/3.9/lib/python/site-packages/urllib3/__init__.py:35: NotOpenSSLWarning: urllib3 v2 only supports OpenSSL 1.1.1+, currently the 'ssl' module is compiled with 'LibreSSL 2.8.3'. See: https://github.com/urllib3/urllib3/issues/3020
  warnings.warn(
需要分析的项目: 17
已有缓存: 224
[1/17] paper_42418716...
  ✓ 成功 (1343 字)
[2/17] paper_42418712...
  ✓ 成功 (727 字)
[3/17] paper_42418681...
  ✓ 成功 (1013 字)
[4/17] paper_42417031...
  ✓ 成功 (839 字)
[5/17] paper_42418372...
  ✓ 成功 (710 字)
[6/17] paper_42415124...
  ✓ 成功 (1200 字)
[7/17] paper_42418224...
  ✓ 成功 (491 字)
[8/17] paper_42417250...
  ✓ 成功 (842 字)
[9/17] paper_42417800...
  ✓ 成功 (0 字)
[10/17] paper_42418179...
  ✓ 成功 (1213 字)
  [已保存进度]
[11/17] paper_42418075...
  ✓ 成功 (1331 字)
[12/17] paper_42417652...
  ✓ 成功 (754 字)
[13/17] paper_42415124...
  ✓ 成功 (1427 字)
[14/17] paper_42417944...
  ✓ 成功 (891 字)
[15/17] paper_42417627...
  ✓ 成功 (909 字)
[16/17] deal_Sino Biopharm hooks AstraZeneca, GSK for separate respi...
  ✓ 成功 (738 字)
[17/17] approval_Are glucose monitors a good thing for 2-year-olds? ...
  ✓ 成功 (993 字)

完成: 成功 17, 失败 0
缓存总数: 240
已保存到: /Users/nnn_nice/scripts/biotech-monitor/scripts/../data/daily/analysis_cache.json
[07:06:28] AI 预生成完成
[07:06:28] 提交到Git...
[main ae8f20d] Auto update: 2026-07-09 07:06
 Committer: nnn_nice <nnn_nice@nnn-nicedeMacBook-Pro.local>
Your name and email address were configured automatically based
on your username and hostname. Please check that they are accurate.
You can suppress this message by setting them explicitly:

    git config --global user.name "Your Name"
    git config --global user.email you@example.com

After doing this, you may fix the identity used for this commit with:

    git commit --amend --reset-author

 7 files changed, 18872 insertions(+), 4460 deletions(-)
 create mode 100644 data/daily/2026-07-09.json
 create mode 100644 data/daily/delivery_papers_20260709.json
 create mode 100644 data/daily/news_2026-07-09.json
[07:06:29] 推送到GitHub...
fatal: could not read Username for 'https://github.com': Device not configured
[07:06:30] 推送失败,将稍后重试
[07:06:30] 自动更新完成

