========================================
[2026-07-11 16:54:24] 健康检查开始
========================================
[1/4] 检查 AI 代理服务器...
  ✓ 代理服务器运行中
[2/4] 检查数据文件...
  ✓ latest.json 存在
    最后更新: 2026-07-11T07:15:00.797290
    论文总数: 423
[3/4] 检查自动更新日志...
  ✓ 最近成功更新: [07:07:30] 自动更新完成
[4/4] 检查 GitHub 同步状态...
  ⚠ 不同步: 本地领先 12, 落后 0

[16:54:26] ⚠ 发现 1 个问题,请查看日志

========================================
[2026-07-11 18:00:00] 健康检查开始
========================================
[1/4] 检查 AI 代理服务器...
  ✓ 代理服务器运行中
[2/4] 检查数据文件...
  ✓ latest.json 存在
    最后更新: 2026-07-11T07:15:00.797290
    论文总数: 423
[3/4] 检查自动更新日志...
  ✓ 最近成功更新: [07:07:30] 自动更新完成
[4/4] 检查 GitHub 同步状态...
  ✓ 本地与远程同步

[18:00:02] ✓ 全部检查通过

