========================================
[2026-06-21 13:25:12] 健康检查开始
========================================
[1/4] 检查 AI 代理服务器...
  ✓ 代理服务器运行中
[2/4] 检查数据文件...
  ✓ latest.json 存在
    最后更新: 2026-06-21T13:21:52.471096
    论文总数: 330
[3/4] 检查自动更新日志...
  ✓ 最近成功更新: [13:21:56] 自动更新完成
[4/4] 检查 GitHub 同步状态...
  ✓ 本地与远程同步

[13:25:15] ✓ 全部检查通过

========================================
[2026-06-21 18:00:01] 健康检查开始
========================================
[1/4] 检查 AI 代理服务器...
  ✓ 代理服务器运行中
[2/4] 检查数据文件...
  ✓ latest.json 存在
    最后更新: 2026-06-21T13:21:52.471096
    论文总数: 330
[3/4] 检查自动更新日志...
  ✓ 最近成功更新: [13:21:56] 自动更新完成
[4/4] 检查 GitHub 同步状态...
  ✓ 本地与远程同步

[18:00:02] ✓ 全部检查通过

