/Users/nnn_nice/Library/Python/3.9/lib/python/site-packages/urllib3/__init__.py:35: NotOpenSSLWarning: urllib3 v2 only supports OpenSSL 1.1.1+, currently the 'ssl' module is compiled with 'LibreSSL 2.8.3'. See: https://github.com/urllib3/urllib3/issues/3020
  warnings.warn(
[10:00:01] 92科比盘中扫描开始（稳定化版）
[10:00:04]   [网络] 股票列表: 300 只
[10:00:04]   重试 1/3: HTTPSConnectionPool(host='finance.sina.com.cn', port=443): Max retries exceeded with url: /realstock/company/sh000300/hisdata/klc_kl.js?d=2020_2_4 (Caused by SSLError(SSLError(1, '[SSL: WRONG_VERSION_NUMBER] wrong version number (_ssl.c:2633)')))
[10:00:09] 大盘RSI: 47.2
[10:01:58]   重试 1/2: [SSL: WRONG_VERSION_NUMBER] wrong version number (_ssl.c:2633)
[10:04:12]   扫描进度: 50/300...
[10:06:07]   重试 1/2: 'date'
[10:06:12]   重试 1/2: 'date'
[10:06:17]   重试 1/2: 'date'
[10:06:21]   重试 1/2: 'date'
[10:06:26]   重试 1/2: 'date'
[10:06:31]   重试 1/2: 'date'
[10:06:36]   重试 1/2: 'date'
[10:06:41]   重试 1/2: 'date'
[10:06:46]   重试 1/2: 'date'
[10:06:50]   重试 1/2: 'date'
[10:06:55]   重试 1/2: 'date'
[10:07:00]   重试 1/2: 'date'
[10:07:05]   重试 1/2: 'date'
[10:07:10]   重试 1/2: 'date'
[10:07:16]   重试 1/2: 'date'
[10:07:20]   重试 1/2: 'date'
[10:07:25]   重试 1/2: 'date'
[10:07:30]   重试 1/2: 'date'
[10:07:35]   重试 1/2: 'date'
[10:07:40]   重试 1/2: 'date'
[10:07:49]   重试 1/2: 'date'
[10:07:54]   重试 1/2: 'date'
[10:07:58]   重试 1/2: 'date'
[10:08:03]   重试 1/2: 'date'
[10:08:06]   扫描进度: 100/300...
[10:08:08]   重试 1/2: 'date'
[10:08:13]   重试 1/2: 'date'
[10:08:17]   重试 1/2: 'date'
[10:08:23]   重试 1/2: 'date'
[10:08:27]   重试 1/2: 'date'
[10:08:32]   重试 1/2: 'date'
[10:08:37]   重试 1/2: 'date'
[10:08:41]   重试 1/2: 'date'
[10:08:46]   重试 1/2: 'date'
[10:08:51]   重试 1/2: 'date'
[10:08:56]   重试 1/2: 'date'
[10:12:05]   扫描进度: 150/300...
[10:13:23]   重试 1/2: [SSL: DECRYPTION_FAILED_OR_BAD_RECORD_MAC] decryption failed or bad record mac (_ssl.c:2633)
[10:16:02]   扫描进度: 200/300...
[10:19:50]   扫描进度: 250/300...
[10:23:48] 找到 0 个信号
[10:23:48] 无信号，不推送
