/Users/nnn_nice/Library/Python/3.9/lib/python/site-packages/urllib3/__init__.py:35: NotOpenSSLWarning: urllib3 v2 only supports OpenSSL 1.1.1+, currently the 'ssl' module is compiled with 'LibreSSL 2.8.3'. See: https://github.com/urllib3/urllib3/issues/3020
  warnings.warn(
开始主升浪V3·收盘复盘版扫描...
排除科创板(688)和创业板(300)
  0%|          | 0/4 [00:00<?, ?it/s] 25%|██▌       | 1/4 [00:05<00:16,  5.44s/it] 50%|█████     | 2/4 [00:09<00:09,  4.63s/it] 75%|███████▌  | 3/4 [00:14<00:04,  4.86s/it]100%|██████████| 4/4 [00:19<00:00,  4.73s/it]                                             大盘状态: 观察中
  沪深300成分股: 251 只（排除科创板和创业板）
共 251 只股票（排除科创板和创业板）
  扫描第 1/6 批 (0-50)... 找到 0 只
  扫描第 2/6 批 (50-100)... 找到 0 只
  扫描第 3/6 批 (100-150)... 找到 0 只
  扫描第 4/6 批 (150-200)... 找到 0 只
  扫描第 5/6 批 (200-250)... 找到 0 只
  扫描第 6/6 批 (250-251)... 找到 0 只

找到 0 只符合条件的股票
🔔【主升浪V3·收盘复盘版】2026-07-01
━━━━━━━━━━━━━━━━━━
【市场概览】
大盘状态：观察中

【主要指数】

【强势板块】
  🟢 1. 未知: +9.38%
  🟢 2. 未知: +7.81%
  🟢 3. 未知: +7.56%
  🟢 4. 未知: +7.24%
  🟢 5. 未知: +7.20%

━━━━━━━━━━━━━━━━━━
【选股扫描】V10优化版
范围：沪市主板+深市主板（排除科创板、创业板）
策略：主升浪V3·评分V10 | 止损：-8% | 止盈：+23%/+38%
核心模式：低波动蓄势(VC<0.6) + 近20日高点(<0.5%) + 温和放量
━━━━━━━━━━━━━━━━━━
今日无符合条件的股票

⚠️ 仅供参考，不构成投资建议
💧=低波动蓄势(VC≤0.6) 🔥=近20日高点(距≤0.5%)
扫描时间：2026-07-01 20:30:30

✅ 飞书推送成功
